{"D:\\PHONEMIX\\phonemix-app\\phoneme\\backend\\modules\\auth\\authController.js": {"path":"D:\\PHONEMIX\\phonemix-app\\phoneme\\backend\\modules\\auth\\authController.js","statementMap":{"0":{"start":{"line":1,"column":15},"end":{"line":1,"column":32}},"1":{"start":{"line":2,"column":12},"end":{"line":2,"column":46}},"2":{"start":{"line":3,"column":17},"end":{"line":3,"column":49}},"3":{"start":{"line":4,"column":16},"end":{"line":4,"column":36}},"4":{"start":{"line":5,"column":12},"end":{"line":5,"column":35}},"5":{"start":{"line":7,"column":23},"end":{"line":90,"column":1}},"6":{"start":{"line":9,"column":32},"end":{"line":9,"column":40}},"7":{"start":{"line":11,"column":4},"end":{"line":63,"column":5}},"8":{"start":{"line":12,"column":6},"end":{"line":14,"column":7}},"9":{"start":{"line":13,"column":8},"end":{"line":13,"column":87}},"10":{"start":{"line":17,"column":25},"end":{"line":17,"column":111}},"11":{"start":{"line":19,"column":6},"end":{"line":35,"column":7}},"12":{"start":{"line":20,"column":21},"end":{"line":20,"column":39}},"13":{"start":{"line":21,"column":32},"end":{"line":21,"column":77}},"14":{"start":{"line":23,"column":8},"end":{"line":34,"column":9}},"15":{"start":{"line":24,"column":24},"end":{"line":24,"column":72}},"16":{"start":{"line":26,"column":10},"end":{"line":31,"column":13}},"17":{"start":{"line":33,"column":10},"end":{"line":33,"column":77}},"18":{"start":{"line":38,"column":31},"end":{"line":38,"column":122}},"19":{"start":{"line":40,"column":6},"end":{"line":56,"column":7}},"20":{"start":{"line":41,"column":27},"end":{"line":41,"column":51}},"21":{"start":{"line":42,"column":32},"end":{"line":42,"column":83}},"22":{"start":{"line":44,"column":8},"end":{"line":55,"column":9}},"23":{"start":{"line":45,"column":24},"end":{"line":45,"column":84}},"24":{"start":{"line":47,"column":10},"end":{"line":52,"column":13}},"25":{"start":{"line":54,"column":10},"end":{"line":54,"column":77}},"26":{"start":{"line":58,"column":6},"end":{"line":58,"column":73}},"27":{"start":{"line":61,"column":6},"end":{"line":61,"column":57}},"28":{"start":{"line":62,"column":6},"end":{"line":62,"column":78}},"29":{"start":{"line":67,"column":20},"end":{"line":67,"column":28}},"30":{"start":{"line":69,"column":4},"end":{"line":88,"column":5}},"31":{"start":{"line":70,"column":6},"end":{"line":72,"column":7}},"32":{"start":{"line":71,"column":8},"end":{"line":71,"column":73}},"33":{"start":{"line":74,"column":6},"end":{"line":74,"column":50}},"34":{"start":{"line":75,"column":26},"end":{"line":75,"column":87}},"35":{"start":{"line":76,"column":6},"end":{"line":76,"column":71}},"36":{"start":{"line":78,"column":6},"end":{"line":82,"column":7}},"37":{"start":{"line":79,"column":22},"end":{"line":79,"column":41}},"38":{"start":{"line":80,"column":22},"end":{"line":80,"column":74}},"39":{"start":{"line":81,"column":8},"end":{"line":81,"column":87}},"40":{"start":{"line":84,"column":6},"end":{"line":84,"column":66}},"41":{"start":{"line":86,"column":6},"end":{"line":86,"column":66}},"42":{"start":{"line":87,"column":6},"end":{"line":87,"column":78}},"43":{"start":{"line":92,"column":0},"end":{"line":92,"column":32}}},"fnMap":{"0":{"name":"(anonymous_0)","decl":{"start":{"line":8,"column":2},"end":{"line":8,"column":3}},"loc":{"start":{"line":8,"column":24},"end":{"line":64,"column":3}},"line":8},"1":{"name":"(anonymous_1)","decl":{"start":{"line":66,"column":2},"end":{"line":66,"column":3}},"loc":{"start":{"line":66,"column":29},"end":{"line":89,"column":3}},"line":66}},"branchMap":{"0":{"loc":{"start":{"line":12,"column":6},"end":{"line":14,"column":7}},"type":"if","locations":[{"start":{"line":12,"column":6},"end":{"line":14,"column":7}},{"start":{},"end":{}}],"line":12},"1":{"loc":{"start":{"line":12,"column":10},"end":{"line":12,"column":29}},"type":"binary-expr","locations":[{"start":{"line":12,"column":10},"end":{"line":12,"column":16}},{"start":{"line":12,"column":20},"end":{"line":12,"column":29}}],"line":12},"2":{"loc":{"start":{"line":19,"column":6},"end":{"line":35,"column":7}},"type":"if","locations":[{"start":{"line":19,"column":6},"end":{"line":35,"column":7}},{"start":{},"end":{}}],"line":19},"3":{"loc":{"start":{"line":23,"column":8},"end":{"line":34,"column":9}},"type":"if","locations":[{"start":{"line":23,"column":8},"end":{"line":34,"column":9}},{"start":{"line":32,"column":15},"end":{"line":34,"column":9}}],"line":23},"4":{"loc":{"start":{"line":40,"column":6},"end":{"line":56,"column":7}},"type":"if","locations":[{"start":{"line":40,"column":6},"end":{"line":56,"column":7}},{"start":{},"end":{}}],"line":40},"5":{"loc":{"start":{"line":44,"column":8},"end":{"line":55,"column":9}},"type":"if","locations":[{"start":{"line":44,"column":8},"end":{"line":55,"column":9}},{"start":{"line":53,"column":15},"end":{"line":55,"column":9}}],"line":44},"6":{"loc":{"start":{"line":70,"column":6},"end":{"line":72,"column":7}},"type":"if","locations":[{"start":{"line":70,"column":6},"end":{"line":72,"column":7}},{"start":{},"end":{}}],"line":70},"7":{"loc":{"start":{"line":78,"column":6},"end":{"line":82,"column":7}},"type":"if","locations":[{"start":{"line":78,"column":6},"end":{"line":82,"column":7}},{"start":{},"end":{}}],"line":78}},"s":{"0":4,"1":4,"2":4,"3":4,"4":4,"5":4,"6":1,"7":1,"8":1,"9":0,"10":1,"11":1,"12":1,"13":1,"14":1,"15":1,"16":1,"17":0,"18":0,"19":0,"20":0,"21":0,"22":0,"23":0,"24":0,"25":0,"26":0,"27":0,"28":0,"29":1,"30":1,"31":1,"32":0,"33":1,"34":1,"35":1,"36":1,"37":1,"38":1,"39":1,"40":0,"41":0,"42":0,"43":4},"f":{"0":1,"1":1},"b":{"0":[0,1],"1":[1,1],"2":[1,0],"3":[1,0],"4":[0,0],"5":[0,0],"6":[0,1],"7":[1,0]},"_coverageSchema":"1a1c01bbd47fc00a2c39e90264f33305004495a9","hash":"a0a65f4128b694a7d341b231f5937790b5c135a5"}
,"D:\\PHONEMIX\\phonemix-app\\phoneme\\backend\\modules\\auth\\authRoutes.js": {"path":"D:\\PHONEMIX\\phonemix-app\\phoneme\\backend\\modules\\auth\\authRoutes.js","statementMap":{"0":{"start":{"line":1,"column":16},"end":{"line":1,"column":34}},"1":{"start":{"line":2,"column":15},"end":{"line":2,"column":31}},"2":{"start":{"line":3,"column":23},"end":{"line":3,"column":50}},"3":{"start":{"line":5,"column":0},"end":{"line":5,"column":44}},"4":{"start":{"line":7,"column":0},"end":{"line":7,"column":55}},"5":{"start":{"line":9,"column":0},"end":{"line":9,"column":24}}},"fnMap":{},"branchMap":{},"s":{"0":4,"1":4,"2":4,"3":4,"4":4,"5":4},"f":{},"b":{},"_coverageSchema":"1a1c01bbd47fc00a2c39e90264f33305004495a9","hash":"49fec48f4c15081cd3083274c8fd35a463a2a05a"}
,"D:\\PHONEMIX\\phonemix-app\\phoneme\\backend\\modules\\control_parental\\ControlParentalController.js": {"path":"D:\\PHONEMIX\\phonemix-app\\phoneme\\backend\\modules\\control_parental\\ControlParentalController.js","statementMap":{"0":{"start":{"line":1,"column":31},"end":{"line":1,"column":66}},"1":{"start":{"line":4,"column":2},"end":{"line":17,"column":3}},"2":{"start":{"line":5,"column":25},"end":{"line":5,"column":34}},"3":{"start":{"line":6,"column":4},"end":{"line":6,"column":62}},"4":{"start":{"line":8,"column":4},"end":{"line":10,"column":5}},"5":{"start":{"line":9,"column":6},"end":{"line":9,"column":79}},"6":{"start":{"line":12,"column":25},"end":{"line":12,"column":83}},"7":{"start":{"line":13,"column":4},"end":{"line":13,"column":27}},"8":{"start":{"line":15,"column":4},"end":{"line":15,"column":52}},"9":{"start":{"line":16,"column":4},"end":{"line":16,"column":53}},"10":{"start":{"line":21,"column":2},"end":{"line":34,"column":3}},"11":{"start":{"line":22,"column":25},"end":{"line":22,"column":34}},"12":{"start":{"line":23,"column":4},"end":{"line":23,"column":65}},"13":{"start":{"line":25,"column":4},"end":{"line":27,"column":5}},"14":{"start":{"line":26,"column":6},"end":{"line":26,"column":79}},"15":{"start":{"line":29,"column":25},"end":{"line":29,"column":83}},"16":{"start":{"line":30,"column":4},"end":{"line":30,"column":27}},"17":{"start":{"line":32,"column":4},"end":{"line":32,"column":58}},"18":{"start":{"line":33,"column":4},"end":{"line":33,"column":53}},"19":{"start":{"line":37,"column":0},"end":{"line":37,"column":52}}},"fnMap":{"0":{"name":"getChildren","decl":{"start":{"line":3,"column":15},"end":{"line":3,"column":26}},"loc":{"start":{"line":3,"column":37},"end":{"line":18,"column":1}},"line":3},"1":{"name":"getRecentMessages","decl":{"start":{"line":20,"column":15},"end":{"line":20,"column":32}},"loc":{"start":{"line":20,"column":43},"end":{"line":35,"column":1}},"line":20}},"branchMap":{"0":{"loc":{"start":{"line":8,"column":4},"end":{"line":10,"column":5}},"type":"if","locations":[{"start":{"line":8,"column":4},"end":{"line":10,"column":5}},{"start":{},"end":{}}],"line":8},"1":{"loc":{"start":{"line":25,"column":4},"end":{"line":27,"column":5}},"type":"if","locations":[{"start":{"line":25,"column":4},"end":{"line":27,"column":5}},{"start":{},"end":{}}],"line":25}},"s":{"0":4,"1":1,"2":1,"3":1,"4":1,"5":0,"6":1,"7":1,"8":0,"9":0,"10":1,"11":1,"12":1,"13":1,"14":0,"15":1,"16":1,"17":0,"18":0,"19":4},"f":{"0":1,"1":1},"b":{"0":[0,1],"1":[0,1]},"_coverageSchema":"1a1c01bbd47fc00a2c39e90264f33305004495a9","hash":"c1dc3e8eb0973391cd0ec250e0eee7af57e4563e"}
,"D:\\PHONEMIX\\phonemix-app\\phoneme\\backend\\modules\\control_parental\\ControlParentalModelo.js": {"path":"D:\\PHONEMIX\\phonemix-app\\phoneme\\backend\\modules\\control_parental\\ControlParentalModelo.js","statementMap":{"0":{"start":{"line":3,"column":4},"end":{"line":3,"column":17}},"1":{"start":{"line":4,"column":4},"end":{"line":4,"column":29}},"2":{"start":{"line":5,"column":4},"end":{"line":5,"column":29}},"3":{"start":{"line":6,"column":4},"end":{"line":6,"column":29}},"4":{"start":{"line":7,"column":4},"end":{"line":7,"column":35}},"5":{"start":{"line":8,"column":4},"end":{"line":8,"column":29}},"6":{"start":{"line":9,"column":4},"end":{"line":9,"column":39}},"7":{"start":{"line":10,"column":4},"end":{"line":10,"column":25}},"8":{"start":{"line":11,"column":4},"end":{"line":11,"column":41}},"9":{"start":{"line":15,"column":4},"end":{"line":25,"column":6}},"10":{"start":{"line":29,"column":0},"end":{"line":29,"column":33}}},"fnMap":{"0":{"name":"(anonymous_0)","decl":{"start":{"line":2,"column":2},"end":{"line":2,"column":3}},"loc":{"start":{"line":2,"column":110},"end":{"line":12,"column":3}},"line":2},"1":{"name":"(anonymous_1)","decl":{"start":{"line":14,"column":2},"end":{"line":14,"column":3}},"loc":{"start":{"line":14,"column":24},"end":{"line":26,"column":3}},"line":14}},"branchMap":{},"s":{"0":0,"1":0,"2":0,"3":0,"4":0,"5":0,"6":0,"7":0,"8":0,"9":0,"10":4},"f":{"0":0,"1":0},"b":{},"_coverageSchema":"1a1c01bbd47fc00a2c39e90264f33305004495a9","hash":"b06233e65f46c9459a4e0e821b6e8d397b48b51f"}
,"D:\\PHONEMIX\\phonemix-app\\phoneme\\backend\\modules\\control_parental\\ControlParentalRoutes.js": {"path":"D:\\PHONEMIX\\phonemix-app\\phoneme\\backend\\modules\\control_parental\\ControlParentalRoutes.js","statementMap":{"0":{"start":{"line":1,"column":16},"end":{"line":1,"column":34}},"1":{"start":{"line":2,"column":15},"end":{"line":2,"column":31}},"2":{"start":{"line":3,"column":34},"end":{"line":3,"column":72}},"3":{"start":{"line":5,"column":0},"end":{"line":5,"column":63}},"4":{"start":{"line":6,"column":0},"end":{"line":6,"column":82}},"5":{"start":{"line":8,"column":0},"end":{"line":8,"column":24}}},"fnMap":{},"branchMap":{},"s":{"0":4,"1":4,"2":4,"3":4,"4":4,"5":4},"f":{},"b":{},"_coverageSchema":"1a1c01bbd47fc00a2c39e90264f33305004495a9","hash":"8fd9b7d8f87e181a875e9bda52101c775f43a2f4"}
,"D:\\PHONEMIX\\phonemix-app\\phoneme\\backend\\modules\\control_parental\\ControlParentalService.js": {"path":"D:\\PHONEMIX\\phonemix-app\\phoneme\\backend\\modules\\control_parental\\ControlParentalService.js","statementMap":{"0":{"start":{"line":1,"column":17},"end":{"line":1,"column":49}},"1":{"start":{"line":2,"column":29},"end":{"line":2,"column":63}},"2":{"start":{"line":3,"column":34},"end":{"line":3,"column":72}},"3":{"start":{"line":6,"column":2},"end":{"line":20,"column":3}},"4":{"start":{"line":7,"column":4},"end":{"line":7,"column":80}},"5":{"start":{"line":9,"column":19},"end":{"line":9,"column":101}},"6":{"start":{"line":11,"column":4},"end":{"line":13,"column":5}},"7":{"start":{"line":12,"column":6},"end":{"line":12,"column":77}},"8":{"start":{"line":15,"column":4},"end":{"line":15,"column":51}},"9":{"start":{"line":16,"column":4},"end":{"line":16,"column":23}},"10":{"start":{"line":18,"column":4},"end":{"line":18,"column":80}},"11":{"start":{"line":19,"column":4},"end":{"line":19,"column":74}},"12":{"start":{"line":24,"column":2},"end":{"line":40,"column":3}},"13":{"start":{"line":25,"column":4},"end":{"line":27,"column":5}},"14":{"start":{"line":26,"column":6},"end":{"line":26,"column":49}},"15":{"start":{"line":29,"column":19},"end":{"line":29,"column":106}},"16":{"start":{"line":31,"column":4},"end":{"line":33,"column":5}},"17":{"start":{"line":32,"column":6},"end":{"line":32,"column":69}},"18":{"start":{"line":35,"column":4},"end":{"line":35,"column":54}},"19":{"start":{"line":36,"column":4},"end":{"line":36,"column":23}},"20":{"start":{"line":38,"column":4},"end":{"line":38,"column":68}},"21":{"start":{"line":39,"column":4},"end":{"line":39,"column":62}},"22":{"start":{"line":43,"column":0},"end":{"line":43,"column":62}}},"fnMap":{"0":{"name":"getChildrenByParent","decl":{"start":{"line":5,"column":15},"end":{"line":5,"column":34}},"loc":{"start":{"line":5,"column":45},"end":{"line":21,"column":1}},"line":5},"1":{"name":"getMessagesByParent","decl":{"start":{"line":23,"column":15},"end":{"line":23,"column":34}},"loc":{"start":{"line":23,"column":45},"end":{"line":41,"column":1}},"line":23}},"branchMap":{"0":{"loc":{"start":{"line":11,"column":4},"end":{"line":13,"column":5}},"type":"if","locations":[{"start":{"line":11,"column":4},"end":{"line":13,"column":5}},{"start":{},"end":{}}],"line":11},"1":{"loc":{"start":{"line":25,"column":4},"end":{"line":27,"column":5}},"type":"if","locations":[{"start":{"line":25,"column":4},"end":{"line":27,"column":5}},{"start":{},"end":{}}],"line":25},"2":{"loc":{"start":{"line":31,"column":4},"end":{"line":33,"column":5}},"type":"if","locations":[{"start":{"line":31,"column":4},"end":{"line":33,"column":5}},{"start":{},"end":{}}],"line":31}},"s":{"0":4,"1":4,"2":4,"3":1,"4":1,"5":1,"6":1,"7":0,"8":1,"9":1,"10":0,"11":0,"12":1,"13":1,"14":0,"15":1,"16":1,"17":0,"18":1,"19":1,"20":0,"21":0,"22":4},"f":{"0":1,"1":1},"b":{"0":[0,1],"1":[0,1],"2":[0,1]},"_coverageSchema":"1a1c01bbd47fc00a2c39e90264f33305004495a9","hash":"82ffde209aea296008d5f1357b49d0479fc57106"}
,"D:\\PHONEMIX\\phonemix-app\\phoneme\\backend\\modules\\control_parental\\MensajesEspecialistaModel.js": {"path":"D:\\PHONEMIX\\phonemix-app\\phoneme\\backend\\modules\\control_parental\\MensajesEspecialistaModel.js","statementMap":{"0":{"start":{"line":1,"column":17},"end":{"line":1,"column":30}},"1":{"start":{"line":2,"column":0},"end":{"line":2,"column":27}},"2":{"start":{"line":4,"column":18},"end":{"line":4,"column":49}},"3":{"start":{"line":6,"column":13},"end":{"line":12,"column":2}},"4":{"start":{"line":14,"column":0},"end":{"line":16,"column":73}},"5":{"start":{"line":15,"column":14},"end":{"line":15,"column":60}},"6":{"start":{"line":16,"column":16},"end":{"line":16,"column":71}},"7":{"start":{"line":20,"column":4},"end":{"line":33,"column":5}},"8":{"start":{"line":21,"column":6},"end":{"line":21,"column":81}},"9":{"start":{"line":23,"column":21},"end":{"line":26,"column":7}},"10":{"start":{"line":28,"column":6},"end":{"line":28,"column":54}},"11":{"start":{"line":29,"column":6},"end":{"line":29,"column":25}},"12":{"start":{"line":31,"column":6},"end":{"line":31,"column":66}},"13":{"start":{"line":32,"column":6},"end":{"line":32,"column":62}},"14":{"start":{"line":37,"column":0},"end":{"line":37,"column":43}}},"fnMap":{"0":{"name":"(anonymous_0)","decl":{"start":{"line":15,"column":8},"end":{"line":15,"column":9}},"loc":{"start":{"line":15,"column":14},"end":{"line":15,"column":60}},"line":15},"1":{"name":"(anonymous_1)","decl":{"start":{"line":16,"column":9},"end":{"line":16,"column":10}},"loc":{"start":{"line":16,"column":16},"end":{"line":16,"column":71}},"line":16},"2":{"name":"(anonymous_2)","decl":{"start":{"line":19,"column":2},"end":{"line":19,"column":3}},"loc":{"start":{"line":19,"column":49},"end":{"line":34,"column":3}},"line":19}},"branchMap":{"0":{"loc":{"start":{"line":9,"column":12},"end":{"line":9,"column":70}},"type":"cond-expr","locations":[{"start":{"line":9,"column":24},"end":{"line":9,"column":48}},{"start":{"line":9,"column":51},"end":{"line":9,"column":70}}],"line":9},"1":{"loc":{"start":{"line":11,"column":8},"end":{"line":11,"column":35}},"type":"binary-expr","locations":[{"start":{"line":11,"column":8},"end":{"line":11,"column":27}},{"start":{"line":11,"column":31},"end":{"line":11,"column":35}}],"line":11}},"s":{"0":4,"1":4,"2":4,"3":4,"4":4,"5":4,"6":0,"7":0,"8":0,"9":0,"10":0,"11":0,"12":0,"13":0,"14":4},"f":{"0":4,"1":0,"2":0},"b":{"0":[4,0],"1":[4,0]},"_coverageSchema":"1a1c01bbd47fc00a2c39e90264f33305004495a9","hash":"be9ed92c22c1d9ee8c0acf36c84420f18052dc62"}
,"D:\\PHONEMIX\\phonemix-app\\phoneme\\backend\\modules\\control_parental\\reporte.js": {"path":"D:\\PHONEMIX\\phonemix-app\\phoneme\\backend\\modules\\control_parental\\reporte.js","statementMap":{},"fnMap":{},"branchMap":{},"s":{},"f":{},"b":{}}
,"D:\\PHONEMIX\\phonemix-app\\phoneme\\backend\\modules\\control_parental\\usuario.js": {"path":"D:\\PHONEMIX\\phonemix-app\\phoneme\\backend\\modules\\control_parental\\usuario.js","statementMap":{},"fnMap":{},"branchMap":{},"s":{},"f":{},"b":{}}
,"D:\\PHONEMIX\\phonemix-app\\phoneme\\backend\\modules\\specialist\\SpecialistController.js": {"path":"D:\\PHONEMIX\\phonemix-app\\phoneme\\backend\\modules\\specialist\\SpecialistController.js","statementMap":{"0":{"start":{"line":1,"column":26},"end":{"line":1,"column":56}},"1":{"start":{"line":2,"column":17},"end":{"line":2,"column":49}},"2":{"start":{"line":5,"column":2},"end":{"line":11,"column":3}},"3":{"start":{"line":6,"column":90},"end":{"line":6,"column":98}},"4":{"start":{"line":7,"column":21},"end":{"line":7,"column":132}},"5":{"start":{"line":8,"column":4},"end":{"line":8,"column":35}},"6":{"start":{"line":10,"column":4},"end":{"line":10,"column":53}},"7":{"start":{"line":15,"column":2},"end":{"line":21,"column":3}},"8":{"start":{"line":16,"column":30},"end":{"line":16,"column":39}},"9":{"start":{"line":17,"column":20},"end":{"line":17,"column":81}},"10":{"start":{"line":18,"column":4},"end":{"line":18,"column":34}},"11":{"start":{"line":20,"column":4},"end":{"line":20,"column":53}},"12":{"start":{"line":25,"column":2},"end":{"line":31,"column":3}},"13":{"start":{"line":26,"column":25},"end":{"line":26,"column":34}},"14":{"start":{"line":27,"column":20},"end":{"line":27,"column":72}},"15":{"start":{"line":28,"column":4},"end":{"line":28,"column":34}},"16":{"start":{"line":30,"column":4},"end":{"line":30,"column":53}},"17":{"start":{"line":35,"column":2},"end":{"line":41,"column":3}},"18":{"start":{"line":36,"column":24},"end":{"line":36,"column":33}},"19":{"start":{"line":37,"column":20},"end":{"line":37,"column":70}},"20":{"start":{"line":38,"column":4},"end":{"line":38,"column":34}},"21":{"start":{"line":40,"column":4},"end":{"line":40,"column":53}},"22":{"start":{"line":46,"column":2},"end":{"line":73,"column":3}},"23":{"start":{"line":47,"column":30},"end":{"line":47,"column":39}},"24":{"start":{"line":48,"column":4},"end":{"line":48,"column":61}},"25":{"start":{"line":50,"column":4},"end":{"line":52,"column":5}},"26":{"start":{"line":51,"column":6},"end":{"line":51,"column":80}},"27":{"start":{"line":54,"column":19},"end":{"line":61,"column":23}},"28":{"start":{"line":63,"column":4},"end":{"line":63,"column":49}},"29":{"start":{"line":65,"column":4},"end":{"line":67,"column":5}},"30":{"start":{"line":66,"column":6},"end":{"line":66,"column":120}},"31":{"start":{"line":69,"column":4},"end":{"line":69,"column":38}},"32":{"start":{"line":71,"column":4},"end":{"line":71,"column":63}},"33":{"start":{"line":72,"column":4},"end":{"line":72,"column":71}},"34":{"start":{"line":76,"column":2},"end":{"line":88,"column":3}},"35":{"start":{"line":77,"column":49},"end":{"line":77,"column":57}},"36":{"start":{"line":79,"column":4},"end":{"line":81,"column":5}},"37":{"start":{"line":80,"column":6},"end":{"line":80,"column":88}},"38":{"start":{"line":83,"column":4},"end":{"line":83,"column":77}},"39":{"start":{"line":84,"column":4},"end":{"line":84,"column":65}},"40":{"start":{"line":86,"column":4},"end":{"line":86,"column":55}},"41":{"start":{"line":87,"column":4},"end":{"line":87,"column":71}},"42":{"start":{"line":92,"column":0},"end":{"line":92,"column":135}}},"fnMap":{"0":{"name":"createReport","decl":{"start":{"line":4,"column":15},"end":{"line":4,"column":27}},"loc":{"start":{"line":4,"column":38},"end":{"line":12,"column":1}},"line":4},"1":{"name":"getReportsBySpecialist","decl":{"start":{"line":14,"column":15},"end":{"line":14,"column":37}},"loc":{"start":{"line":14,"column":48},"end":{"line":22,"column":1}},"line":14},"2":{"name":"getReportsByParent","decl":{"start":{"line":24,"column":15},"end":{"line":24,"column":33}},"loc":{"start":{"line":24,"column":44},"end":{"line":32,"column":1}},"line":24},"3":{"name":"getReportsByChild","decl":{"start":{"line":34,"column":15},"end":{"line":34,"column":32}},"loc":{"start":{"line":34,"column":43},"end":{"line":42,"column":1}},"line":34},"4":{"name":"getUsersWithChildren","decl":{"start":{"line":45,"column":15},"end":{"line":45,"column":35}},"loc":{"start":{"line":45,"column":46},"end":{"line":74,"column":1}},"line":45},"5":{"name":"sendEvaluation","decl":{"start":{"line":75,"column":15},"end":{"line":75,"column":29}},"loc":{"start":{"line":75,"column":40},"end":{"line":89,"column":1}},"line":75}},"branchMap":{"0":{"loc":{"start":{"line":50,"column":4},"end":{"line":52,"column":5}},"type":"if","locations":[{"start":{"line":50,"column":4},"end":{"line":52,"column":5}},{"start":{},"end":{}}],"line":50},"1":{"loc":{"start":{"line":65,"column":4},"end":{"line":67,"column":5}},"type":"if","locations":[{"start":{"line":65,"column":4},"end":{"line":67,"column":5}},{"start":{},"end":{}}],"line":65},"2":{"loc":{"start":{"line":79,"column":4},"end":{"line":81,"column":5}},"type":"if","locations":[{"start":{"line":79,"column":4},"end":{"line":81,"column":5}},{"start":{},"end":{}}],"line":79},"3":{"loc":{"start":{"line":79,"column":8},"end":{"line":79,"column":47}},"type":"binary-expr","locations":[{"start":{"line":79,"column":8},"end":{"line":79,"column":22}},{"start":{"line":79,"column":26},"end":{"line":79,"column":35}},{"start":{"line":79,"column":39},"end":{"line":79,"column":47}}],"line":79}},"s":{"0":4,"1":4,"2":1,"3":1,"4":1,"5":1,"6":0,"7":1,"8":1,"9":1,"10":1,"11":0,"12":1,"13":1,"14":1,"15":1,"16":0,"17":1,"18":1,"19":1,"20":1,"21":0,"22":1,"23":1,"24":1,"25":1,"26":0,"27":1,"28":1,"29":1,"30":0,"31":1,"32":0,"33":0,"34":0,"35":0,"36":0,"37":0,"38":0,"39":0,"40":0,"41":0,"42":4},"f":{"0":1,"1":1,"2":1,"3":1,"4":1,"5":0},"b":{"0":[0,1],"1":[0,1],"2":[0,0],"3":[0,0,0]},"_coverageSchema":"1a1c01bbd47fc00a2c39e90264f33305004495a9","hash":"ba4b893663621fdfb1bd4d36b6ac8c873a02afb5"}
,"D:\\PHONEMIX\\phonemix-app\\phoneme\\backend\\modules\\specialist\\SpecialistModel.js": {"path":"D:\\PHONEMIX\\phonemix-app\\phoneme\\backend\\modules\\specialist\\SpecialistModel.js","statementMap":{"0":{"start":{"line":1,"column":17},"end":{"line":1,"column":49}},"1":{"start":{"line":3,"column":24},"end":{"line":46,"column":1}},"2":{"start":{"line":5,"column":19},"end":{"line":8,"column":5}},"3":{"start":{"line":9,"column":4},"end":{"line":9,"column":26}},"4":{"start":{"line":13,"column":19},"end":{"line":19,"column":23}},"5":{"start":{"line":21,"column":4},"end":{"line":21,"column":23}},"6":{"start":{"line":25,"column":19},"end":{"line":30,"column":18}},"7":{"start":{"line":32,"column":4},"end":{"line":32,"column":23}},"8":{"start":{"line":36,"column":19},"end":{"line":43,"column":5}},"9":{"start":{"line":44,"column":4},"end":{"line":44,"column":23}},"10":{"start":{"line":47,"column":0},"end":{"line":47,"column":33}}},"fnMap":{"0":{"name":"(anonymous_0)","decl":{"start":{"line":4,"column":2},"end":{"line":4,"column":3}},"loc":{"start":{"line":4,"column":96},"end":{"line":10,"column":3}},"line":4},"1":{"name":"(anonymous_1)","decl":{"start":{"line":12,"column":2},"end":{"line":12,"column":3}},"loc":{"start":{"line":12,"column":46},"end":{"line":22,"column":3}},"line":12},"2":{"name":"(anonymous_2)","decl":{"start":{"line":24,"column":2},"end":{"line":24,"column":3}},"loc":{"start":{"line":24,"column":37},"end":{"line":33,"column":3}},"line":24},"3":{"name":"(anonymous_3)","decl":{"start":{"line":35,"column":2},"end":{"line":35,"column":3}},"loc":{"start":{"line":35,"column":35},"end":{"line":45,"column":3}},"line":35}},"branchMap":{},"s":{"0":4,"1":4,"2":1,"3":1,"4":1,"5":1,"6":1,"7":1,"8":1,"9":1,"10":4},"f":{"0":1,"1":1,"2":1,"3":1},"b":{},"_coverageSchema":"1a1c01bbd47fc00a2c39e90264f33305004495a9","hash":"923e6f3e144de5a7cf3c69fe97092d85988b8bcc"}
,"D:\\PHONEMIX\\phonemix-app\\phoneme\\backend\\modules\\specialist\\SpecialistRoutes.js": {"path":"D:\\PHONEMIX\\phonemix-app\\phoneme\\backend\\modules\\specialist\\SpecialistRoutes.js","statementMap":{"0":{"start":{"line":1,"column":16},"end":{"line":1,"column":34}},"1":{"start":{"line":2,"column":29},"end":{"line":2,"column":62}},"2":{"start":{"line":4,"column":15},"end":{"line":4,"column":31}},"3":{"start":{"line":6,"column":0},"end":{"line":6,"column":59}},"4":{"start":{"line":7,"column":0},"end":{"line":7,"column":79}},"5":{"start":{"line":8,"column":0},"end":{"line":8,"column":71}},"6":{"start":{"line":9,"column":0},"end":{"line":9,"column":69}},"7":{"start":{"line":10,"column":0},"end":{"line":10,"column":64}},"8":{"start":{"line":13,"column":0},"end":{"line":13,"column":64}},"9":{"start":{"line":15,"column":0},"end":{"line":15,"column":24}}},"fnMap":{},"branchMap":{},"s":{"0":4,"1":4,"2":4,"3":4,"4":4,"5":4,"6":4,"7":4,"8":4,"9":4},"f":{},"b":{},"_coverageSchema":"1a1c01bbd47fc00a2c39e90264f33305004495a9","hash":"c1e6a4fb6ae9513125e84c7253eed35d609b83aa"}
,"D:\\PHONEMIX\\phonemix-app\\phoneme\\backend\\modules\\specialist\\SpecialistService.js": {"path":"D:\\PHONEMIX\\phonemix-app\\phoneme\\backend\\modules\\specialist\\SpecialistService.js","statementMap":{"0":{"start":{"line":1,"column":24},"end":{"line":1,"column":52}},"1":{"start":{"line":3,"column":26},"end":{"line":43,"column":1}},"2":{"start":{"line":5,"column":4},"end":{"line":7,"column":5}},"3":{"start":{"line":6,"column":6},"end":{"line":6,"column":62}},"4":{"start":{"line":8,"column":4},"end":{"line":8,"column":121}},"5":{"start":{"line":12,"column":4},"end":{"line":14,"column":5}},"6":{"start":{"line":13,"column":6},"end":{"line":13,"column":54}},"7":{"start":{"line":15,"column":4},"end":{"line":15,"column":71}},"8":{"start":{"line":19,"column":4},"end":{"line":21,"column":5}},"9":{"start":{"line":20,"column":6},"end":{"line":20,"column":49}},"10":{"start":{"line":22,"column":4},"end":{"line":22,"column":62}},"11":{"start":{"line":26,"column":4},"end":{"line":28,"column":5}},"12":{"start":{"line":27,"column":6},"end":{"line":27,"column":48}},"13":{"start":{"line":29,"column":4},"end":{"line":29,"column":60}},"14":{"start":{"line":32,"column":4},"end":{"line":41,"column":5}},"15":{"start":{"line":33,"column":6},"end":{"line":36,"column":8}},"16":{"start":{"line":37,"column":6},"end":{"line":37,"column":73}},"17":{"start":{"line":37,"column":22},"end":{"line":37,"column":73}},"18":{"start":{"line":39,"column":6},"end":{"line":39,"column":65}},"19":{"start":{"line":40,"column":6},"end":{"line":40,"column":58}},"20":{"start":{"line":45,"column":0},"end":{"line":45,"column":35}}},"fnMap":{"0":{"name":"(anonymous_0)","decl":{"start":{"line":4,"column":2},"end":{"line":4,"column":3}},"loc":{"start":{"line":4,"column":96},"end":{"line":9,"column":3}},"line":4},"1":{"name":"(anonymous_1)","decl":{"start":{"line":11,"column":2},"end":{"line":11,"column":3}},"loc":{"start":{"line":11,"column":46},"end":{"line":16,"column":3}},"line":11},"2":{"name":"(anonymous_2)","decl":{"start":{"line":18,"column":2},"end":{"line":18,"column":3}},"loc":{"start":{"line":18,"column":37},"end":{"line":23,"column":3}},"line":18},"3":{"name":"(anonymous_3)","decl":{"start":{"line":25,"column":2},"end":{"line":25,"column":3}},"loc":{"start":{"line":25,"column":35},"end":{"line":30,"column":3}},"line":25},"4":{"name":"(anonymous_4)","decl":{"start":{"line":31,"column":2},"end":{"line":31,"column":3}},"loc":{"start":{"line":31,"column":57},"end":{"line":42,"column":3}},"line":31}},"branchMap":{"0":{"loc":{"start":{"line":5,"column":4},"end":{"line":7,"column":5}},"type":"if","locations":[{"start":{"line":5,"column":4},"end":{"line":7,"column":5}},{"start":{},"end":{}}],"line":5},"1":{"loc":{"start":{"line":5,"column":8},"end":{"line":5,"column":82}},"type":"binary-expr","locations":[{"start":{"line":5,"column":8},"end":{"line":5,"column":22}},{"start":{"line":5,"column":26},"end":{"line":5,"column":35}},{"start":{"line":5,"column":39},"end":{"line":5,"column":47}},{"start":{"line":5,"column":51},"end":{"line":5,"column":64}},{"start":{"line":5,"column":68},"end":{"line":5,"column":82}}],"line":5},"2":{"loc":{"start":{"line":12,"column":4},"end":{"line":14,"column":5}},"type":"if","locations":[{"start":{"line":12,"column":4},"end":{"line":14,"column":5}},{"start":{},"end":{}}],"line":12},"3":{"loc":{"start":{"line":19,"column":4},"end":{"line":21,"column":5}},"type":"if","locations":[{"start":{"line":19,"column":4},"end":{"line":21,"column":5}},{"start":{},"end":{}}],"line":19},"4":{"loc":{"start":{"line":26,"column":4},"end":{"line":28,"column":5}},"type":"if","locations":[{"start":{"line":26,"column":4},"end":{"line":28,"column":5}},{"start":{},"end":{}}],"line":26},"5":{"loc":{"start":{"line":37,"column":6},"end":{"line":37,"column":73}},"type":"if","locations":[{"start":{"line":37,"column":6},"end":{"line":37,"column":73}},{"start":{},"end":{}}],"line":37}},"s":{"0":4,"1":4,"2":1,"3":0,"4":1,"5":1,"6":0,"7":1,"8":1,"9":0,"10":1,"11":1,"12":0,"13":1,"14":0,"15":0,"16":0,"17":0,"18":0,"19":0,"20":4},"f":{"0":1,"1":1,"2":1,"3":1,"4":0},"b":{"0":[0,1],"1":[1,1,1,1,1],"2":[0,1],"3":[0,1],"4":[0,1],"5":[0,0]},"_coverageSchema":"1a1c01bbd47fc00a2c39e90264f33305004495a9","hash":"f51c9c9eeaf3a2c565b46574c2cff658d8eae40b"}
,"D:\\PHONEMIX\\phonemix-app\\phoneme\\backend\\modules\\user\\userController.js": {"path":"D:\\PHONEMIX\\phonemix-app\\phoneme\\backend\\modules\\user\\userController.js","statementMap":{"0":{"start":{"line":1,"column":20},"end":{"line":1,"column":44}},"1":{"start":{"line":3,"column":23},"end":{"line":21,"column":1}},"2":{"start":{"line":5,"column":8},"end":{"line":10,"column":9}},"3":{"start":{"line":6,"column":25},"end":{"line":6,"column":61}},"4":{"start":{"line":7,"column":12},"end":{"line":7,"column":39}},"5":{"start":{"line":9,"column":12},"end":{"line":9,"column":59}},"6":{"start":{"line":14,"column":8},"end":{"line":19,"column":9}},"7":{"start":{"line":15,"column":26},"end":{"line":15,"column":59}},"8":{"start":{"line":16,"column":12},"end":{"line":16,"column":44}},"9":{"start":{"line":18,"column":12},"end":{"line":18,"column":59}},"10":{"start":{"line":23,"column":0},"end":{"line":23,"column":32}}},"fnMap":{"0":{"name":"(anonymous_0)","decl":{"start":{"line":4,"column":4},"end":{"line":4,"column":5}},"loc":{"start":{"line":4,"column":29},"end":{"line":11,"column":5}},"line":4},"1":{"name":"(anonymous_1)","decl":{"start":{"line":13,"column":4},"end":{"line":13,"column":5}},"loc":{"start":{"line":13,"column":26},"end":{"line":20,"column":5}},"line":13}},"branchMap":{},"s":{"0":0,"1":0,"2":0,"3":0,"4":0,"5":0,"6":0,"7":0,"8":0,"9":0,"10":0},"f":{"0":0,"1":0},"b":{}}
,"D:\\PHONEMIX\\phonemix-app\\phoneme\\backend\\modules\\user\\userModel.js": {"path":"D:\\PHONEMIX\\phonemix-app\\phoneme\\backend\\modules\\user\\userModel.js","statementMap":{"0":{"start":{"line":1,"column":13},"end":{"line":1,"column":45}},"1":{"start":{"line":3,"column":18},"end":{"line":18,"column":1}},"2":{"start":{"line":5,"column":62},"end":{"line":5,"column":66}},"3":{"start":{"line":6,"column":23},"end":{"line":10,"column":9}},"4":{"start":{"line":11,"column":8},"end":{"line":11,"column":30}},"5":{"start":{"line":15,"column":23},"end":{"line":15,"column":91}},"6":{"start":{"line":16,"column":8},"end":{"line":16,"column":30}},"7":{"start":{"line":20,"column":0},"end":{"line":20,"column":27}}},"fnMap":{"0":{"name":"(anonymous_0)","decl":{"start":{"line":4,"column":4},"end":{"line":4,"column":5}},"loc":{"start":{"line":4,"column":23},"end":{"line":12,"column":5}},"line":4},"1":{"name":"(anonymous_1)","decl":{"start":{"line":14,"column":4},"end":{"line":14,"column":5}},"loc":{"start":{"line":14,"column":29},"end":{"line":17,"column":5}},"line":14}},"branchMap":{},"s":{"0":0,"1":0,"2":0,"3":0,"4":0,"5":0,"6":0,"7":0},"f":{"0":0,"1":0},"b":{}}
,"D:\\PHONEMIX\\phonemix-app\\phoneme\\backend\\modules\\user\\userRoutes.js": {"path":"D:\\PHONEMIX\\phonemix-app\\phoneme\\backend\\modules\\user\\userRoutes.js","statementMap":{"0":{"start":{"line":1,"column":16},"end":{"line":1,"column":34}},"1":{"start":{"line":2,"column":23},"end":{"line":2,"column":50}},"2":{"start":{"line":4,"column":15},"end":{"line":4,"column":31}},"3":{"start":{"line":6,"column":0},"end":{"line":6,"column":50}},"4":{"start":{"line":7,"column":0},"end":{"line":7,"column":44}},"5":{"start":{"line":9,"column":0},"end":{"line":9,"column":24}}},"fnMap":{},"branchMap":{},"s":{"0":0,"1":0,"2":0,"3":0,"4":0,"5":0},"f":{},"b":{}}
,"D:\\PHONEMIX\\phonemix-app\\phoneme\\backend\\modules\\user\\userService.js": {"path":"D:\\PHONEMIX\\phonemix-app\\phoneme\\backend\\modules\\user\\userService.js","statementMap":{"0":{"start":{"line":1,"column":15},"end":{"line":1,"column":32}},"1":{"start":{"line":2,"column":12},"end":{"line":2,"column":46}},"2":{"start":{"line":3,"column":18},"end":{"line":3,"column":40}},"3":{"start":{"line":5,"column":20},"end":{"line":20,"column":1}},"4":{"start":{"line":7,"column":31},"end":{"line":7,"column":67}},"5":{"start":{"line":8,"column":8},"end":{"line":8,"column":71}},"6":{"start":{"line":12,"column":21},"end":{"line":12,"column":60}},"7":{"start":{"line":13,"column":8},"end":{"line":13,"column":60}},"8":{"start":{"line":13,"column":19},"end":{"line":13,"column":60}},"9":{"start":{"line":15,"column":32},"end":{"line":15,"column":82}},"10":{"start":{"line":16,"column":8},"end":{"line":16,"column":71}},"11":{"start":{"line":16,"column":30},"end":{"line":16,"column":71}},"12":{"start":{"line":18,"column":8},"end":{"line":18,"column":64}},"13":{"start":{"line":22,"column":0},"end":{"line":22,"column":29}}},"fnMap":{"0":{"name":"(anonymous_0)","decl":{"start":{"line":6,"column":4},"end":{"line":6,"column":5}},"loc":{"start":{"line":6,"column":25},"end":{"line":9,"column":5}},"line":6},"1":{"name":"(anonymous_1)","decl":{"start":{"line":11,"column":4},"end":{"line":11,"column":5}},"loc":{"start":{"line":11,"column":22},"end":{"line":19,"column":5}},"line":11}},"branchMap":{"0":{"loc":{"start":{"line":13,"column":8},"end":{"line":13,"column":60}},"type":"if","locations":[{"start":{"line":13,"column":8},"end":{"line":13,"column":60}},{"start":{},"end":{}}],"line":13},"1":{"loc":{"start":{"line":16,"column":8},"end":{"line":16,"column":71}},"type":"if","locations":[{"start":{"line":16,"column":8},"end":{"line":16,"column":71}},{"start":{},"end":{}}],"line":16}},"s":{"0":0,"1":0,"2":0,"3":0,"4":0,"5":0,"6":0,"7":0,"8":0,"9":0,"10":0,"11":0,"12":0,"13":0},"f":{"0":0,"1":0},"b":{"0":[0,0],"1":[0,0]}}
}
