{"D:\\phonemix-app\\phoneme\\backend\\modules\\auth\\authController.js": {"path":"D:\\phonemix-app\\phoneme\\backend\\modules\\auth\\authController.js","statementMap":{"0":{"start":{"line":1,"column":15},"end":{"line":1,"column":32}},"1":{"start":{"line":2,"column":12},"end":{"line":2,"column":46}},"2":{"start":{"line":3,"column":17},"end":{"line":3,"column":49}},"3":{"start":{"line":4,"column":16},"end":{"line":4,"column":36}},"4":{"start":{"line":5,"column":12},"end":{"line":5,"column":35}},"5":{"start":{"line":8,"column":23},"end":{"line":93,"column":1}},"6":{"start":{"line":10,"column":32},"end":{"line":10,"column":40}},"7":{"start":{"line":12,"column":4},"end":{"line":63,"column":5}},"8":{"start":{"line":13,"column":6},"end":{"line":15,"column":7}},"9":{"start":{"line":14,"column":8},"end":{"line":14,"column":87}},"10":{"start":{"line":18,"column":25},"end":{"line":18,"column":111}},"11":{"start":{"line":20,"column":6},"end":{"line":36,"column":7}},"12":{"start":{"line":21,"column":21},"end":{"line":21,"column":39}},"13":{"start":{"line":22,"column":32},"end":{"line":22,"column":77}},"14":{"start":{"line":24,"column":8},"end":{"line":35,"column":9}},"15":{"start":{"line":25,"column":24},"end":{"line":25,"column":72}},"16":{"start":{"line":27,"column":10},"end":{"line":32,"column":13}},"17":{"start":{"line":34,"column":10},"end":{"line":34,"column":77}},"18":{"start":{"line":39,"column":31},"end":{"line":39,"column":122}},"19":{"start":{"line":41,"column":6},"end":{"line":56,"column":7}},"20":{"start":{"line":42,"column":27},"end":{"line":42,"column":51}},"21":{"start":{"line":43,"column":32},"end":{"line":43,"column":83}},"22":{"start":{"line":45,"column":8},"end":{"line":55,"column":9}},"23":{"start":{"line":46,"column":24},"end":{"line":46,"column":84}},"24":{"start":{"line":48,"column":10},"end":{"line":52,"column":13}},"25":{"start":{"line":54,"column":10},"end":{"line":54,"column":77}},"26":{"start":{"line":58,"column":6},"end":{"line":58,"column":73}},"27":{"start":{"line":61,"column":6},"end":{"line":61,"column":57}},"28":{"start":{"line":62,"column":6},"end":{"line":62,"column":78}},"29":{"start":{"line":69,"column":20},"end":{"line":69,"column":28}},"30":{"start":{"line":71,"column":4},"end":{"line":91,"column":5}},"31":{"start":{"line":72,"column":6},"end":{"line":74,"column":7}},"32":{"start":{"line":73,"column":8},"end":{"line":73,"column":73}},"33":{"start":{"line":77,"column":6},"end":{"line":77,"column":50}},"34":{"start":{"line":78,"column":26},"end":{"line":78,"column":87}},"35":{"start":{"line":79,"column":6},"end":{"line":79,"column":71}},"36":{"start":{"line":81,"column":6},"end":{"line":85,"column":7}},"37":{"start":{"line":82,"column":22},"end":{"line":82,"column":41}},"38":{"start":{"line":83,"column":22},"end":{"line":83,"column":74}},"39":{"start":{"line":84,"column":8},"end":{"line":84,"column":87}},"40":{"start":{"line":87,"column":6},"end":{"line":87,"column":66}},"41":{"start":{"line":89,"column":6},"end":{"line":89,"column":66}},"42":{"start":{"line":90,"column":6},"end":{"line":90,"column":78}},"43":{"start":{"line":95,"column":0},"end":{"line":95,"column":32}}},"fnMap":{"0":{"name":"(anonymous_0)","decl":{"start":{"line":9,"column":2},"end":{"line":9,"column":3}},"loc":{"start":{"line":9,"column":24},"end":{"line":64,"column":3}},"line":9},"1":{"name":"(anonymous_1)","decl":{"start":{"line":68,"column":2},"end":{"line":68,"column":3}},"loc":{"start":{"line":68,"column":29},"end":{"line":92,"column":3}},"line":68}},"branchMap":{"0":{"loc":{"start":{"line":13,"column":6},"end":{"line":15,"column":7}},"type":"if","locations":[{"start":{"line":13,"column":6},"end":{"line":15,"column":7}},{"start":{},"end":{}}],"line":13},"1":{"loc":{"start":{"line":13,"column":10},"end":{"line":13,"column":29}},"type":"binary-expr","locations":[{"start":{"line":13,"column":10},"end":{"line":13,"column":16}},{"start":{"line":13,"column":20},"end":{"line":13,"column":29}}],"line":13},"2":{"loc":{"start":{"line":20,"column":6},"end":{"line":36,"column":7}},"type":"if","locations":[{"start":{"line":20,"column":6},"end":{"line":36,"column":7}},{"start":{},"end":{}}],"line":20},"3":{"loc":{"start":{"line":24,"column":8},"end":{"line":35,"column":9}},"type":"if","locations":[{"start":{"line":24,"column":8},"end":{"line":35,"column":9}},{"start":{"line":33,"column":15},"end":{"line":35,"column":9}}],"line":24},"4":{"loc":{"start":{"line":41,"column":6},"end":{"line":56,"column":7}},"type":"if","locations":[{"start":{"line":41,"column":6},"end":{"line":56,"column":7}},{"start":{},"end":{}}],"line":41},"5":{"loc":{"start":{"line":45,"column":8},"end":{"line":55,"column":9}},"type":"if","locations":[{"start":{"line":45,"column":8},"end":{"line":55,"column":9}},{"start":{"line":53,"column":15},"end":{"line":55,"column":9}}],"line":45},"6":{"loc":{"start":{"line":72,"column":6},"end":{"line":74,"column":7}},"type":"if","locations":[{"start":{"line":72,"column":6},"end":{"line":74,"column":7}},{"start":{},"end":{}}],"line":72},"7":{"loc":{"start":{"line":81,"column":6},"end":{"line":85,"column":7}},"type":"if","locations":[{"start":{"line":81,"column":6},"end":{"line":85,"column":7}},{"start":{},"end":{}}],"line":81}},"s":{"0":3,"1":3,"2":3,"3":3,"4":3,"5":3,"6":1,"7":1,"8":1,"9":0,"10":1,"11":1,"12":1,"13":1,"14":1,"15":1,"16":1,"17":0,"18":0,"19":0,"20":0,"21":0,"22":0,"23":0,"24":0,"25":0,"26":0,"27":0,"28":0,"29":1,"30":1,"31":1,"32":0,"33":1,"34":1,"35":1,"36":1,"37":1,"38":1,"39":1,"40":0,"41":0,"42":0,"43":3},"f":{"0":1,"1":1},"b":{"0":[0,1],"1":[1,1],"2":[1,0],"3":[1,0],"4":[0,0],"5":[0,0],"6":[0,1],"7":[1,0]},"_coverageSchema":"1a1c01bbd47fc00a2c39e90264f33305004495a9","hash":"98129d7cf51e26d6c44f6d674348dbc50972d6cd"}
,"D:\\phonemix-app\\phoneme\\backend\\modules\\auth\\authRoutes.js": {"path":"D:\\phonemix-app\\phoneme\\backend\\modules\\auth\\authRoutes.js","statementMap":{"0":{"start":{"line":1,"column":16},"end":{"line":1,"column":34}},"1":{"start":{"line":2,"column":15},"end":{"line":2,"column":31}},"2":{"start":{"line":3,"column":23},"end":{"line":3,"column":50}},"3":{"start":{"line":5,"column":0},"end":{"line":5,"column":44}},"4":{"start":{"line":7,"column":0},"end":{"line":7,"column":55}},"5":{"start":{"line":9,"column":0},"end":{"line":9,"column":24}}},"fnMap":{},"branchMap":{},"s":{"0":3,"1":3,"2":3,"3":3,"4":3,"5":3},"f":{},"b":{},"_coverageSchema":"1a1c01bbd47fc00a2c39e90264f33305004495a9","hash":"1899581d9a5a97dfd67315c7ac3e6c3f63239460"}
,"D:\\phonemix-app\\phoneme\\backend\\modules\\control_parental\\ControlParentalController.js": {"path":"D:\\phonemix-app\\phoneme\\backend\\modules\\control_parental\\ControlParentalController.js","statementMap":{"0":{"start":{"line":1,"column":31},"end":{"line":1,"column":66}},"1":{"start":{"line":4,"column":2},"end":{"line":17,"column":3}},"2":{"start":{"line":5,"column":25},"end":{"line":5,"column":34}},"3":{"start":{"line":6,"column":4},"end":{"line":6,"column":62}},"4":{"start":{"line":8,"column":4},"end":{"line":10,"column":5}},"5":{"start":{"line":9,"column":6},"end":{"line":9,"column":79}},"6":{"start":{"line":12,"column":25},"end":{"line":12,"column":83}},"7":{"start":{"line":13,"column":4},"end":{"line":13,"column":27}},"8":{"start":{"line":15,"column":4},"end":{"line":15,"column":52}},"9":{"start":{"line":16,"column":4},"end":{"line":16,"column":53}},"10":{"start":{"line":21,"column":2},"end":{"line":34,"column":3}},"11":{"start":{"line":22,"column":25},"end":{"line":22,"column":34}},"12":{"start":{"line":23,"column":4},"end":{"line":23,"column":65}},"13":{"start":{"line":25,"column":4},"end":{"line":27,"column":5}},"14":{"start":{"line":26,"column":6},"end":{"line":26,"column":79}},"15":{"start":{"line":29,"column":25},"end":{"line":29,"column":83}},"16":{"start":{"line":30,"column":4},"end":{"line":30,"column":27}},"17":{"start":{"line":32,"column":4},"end":{"line":32,"column":58}},"18":{"start":{"line":33,"column":4},"end":{"line":33,"column":53}},"19":{"start":{"line":37,"column":0},"end":{"line":37,"column":52}}},"fnMap":{"0":{"name":"getChildren","decl":{"start":{"line":3,"column":15},"end":{"line":3,"column":26}},"loc":{"start":{"line":3,"column":37},"end":{"line":18,"column":1}},"line":3},"1":{"name":"getRecentMessages","decl":{"start":{"line":20,"column":15},"end":{"line":20,"column":32}},"loc":{"start":{"line":20,"column":43},"end":{"line":35,"column":1}},"line":20}},"branchMap":{"0":{"loc":{"start":{"line":8,"column":4},"end":{"line":10,"column":5}},"type":"if","locations":[{"start":{"line":8,"column":4},"end":{"line":10,"column":5}},{"start":{},"end":{}}],"line":8},"1":{"loc":{"start":{"line":25,"column":4},"end":{"line":27,"column":5}},"type":"if","locations":[{"start":{"line":25,"column":4},"end":{"line":27,"column":5}},{"start":{},"end":{}}],"line":25}},"s":{"0":3,"1":1,"2":1,"3":1,"4":1,"5":0,"6":1,"7":1,"8":0,"9":0,"10":1,"11":1,"12":1,"13":1,"14":0,"15":1,"16":1,"17":0,"18":0,"19":3},"f":{"0":1,"1":1},"b":{"0":[0,1],"1":[0,1]},"_coverageSchema":"1a1c01bbd47fc00a2c39e90264f33305004495a9","hash":"7ab589a7fd5428bb6c338651d2ccce6d4046e9a9"}
,"D:\\phonemix-app\\phoneme\\backend\\modules\\control_parental\\ControlParentalModelo.js": {"path":"D:\\phonemix-app\\phoneme\\backend\\modules\\control_parental\\ControlParentalModelo.js","statementMap":{"0":{"start":{"line":3,"column":4},"end":{"line":3,"column":17}},"1":{"start":{"line":4,"column":4},"end":{"line":4,"column":29}},"2":{"start":{"line":5,"column":4},"end":{"line":5,"column":29}},"3":{"start":{"line":6,"column":4},"end":{"line":6,"column":29}},"4":{"start":{"line":7,"column":4},"end":{"line":7,"column":35}},"5":{"start":{"line":8,"column":4},"end":{"line":8,"column":29}},"6":{"start":{"line":9,"column":4},"end":{"line":9,"column":39}},"7":{"start":{"line":10,"column":4},"end":{"line":10,"column":25}},"8":{"start":{"line":11,"column":4},"end":{"line":11,"column":41}},"9":{"start":{"line":15,"column":4},"end":{"line":25,"column":6}},"10":{"start":{"line":29,"column":0},"end":{"line":29,"column":33}}},"fnMap":{"0":{"name":"(anonymous_0)","decl":{"start":{"line":2,"column":2},"end":{"line":2,"column":3}},"loc":{"start":{"line":2,"column":110},"end":{"line":12,"column":3}},"line":2},"1":{"name":"(anonymous_1)","decl":{"start":{"line":14,"column":2},"end":{"line":14,"column":3}},"loc":{"start":{"line":14,"column":24},"end":{"line":26,"column":3}},"line":14}},"branchMap":{},"s":{"0":0,"1":0,"2":0,"3":0,"4":0,"5":0,"6":0,"7":0,"8":0,"9":0,"10":3},"f":{"0":0,"1":0},"b":{},"_coverageSchema":"1a1c01bbd47fc00a2c39e90264f33305004495a9","hash":"9772cabf7cd77f72b1ab225b10542943131366cd"}
,"D:\\phonemix-app\\phoneme\\backend\\modules\\control_parental\\ControlParentalRoutes.js": {"path":"D:\\phonemix-app\\phoneme\\backend\\modules\\control_parental\\ControlParentalRoutes.js","statementMap":{"0":{"start":{"line":1,"column":16},"end":{"line":1,"column":34}},"1":{"start":{"line":2,"column":15},"end":{"line":2,"column":31}},"2":{"start":{"line":3,"column":34},"end":{"line":3,"column":72}},"3":{"start":{"line":5,"column":0},"end":{"line":5,"column":63}},"4":{"start":{"line":6,"column":0},"end":{"line":6,"column":82}},"5":{"start":{"line":8,"column":0},"end":{"line":8,"column":24}}},"fnMap":{},"branchMap":{},"s":{"0":3,"1":3,"2":3,"3":3,"4":3,"5":3},"f":{},"b":{},"_coverageSchema":"1a1c01bbd47fc00a2c39e90264f33305004495a9","hash":"9045f03ca31240a75d56511536cc64e5c01910e9"}
,"D:\\phonemix-app\\phoneme\\backend\\modules\\control_parental\\ControlParentalService.js": {"path":"D:\\phonemix-app\\phoneme\\backend\\modules\\control_parental\\ControlParentalService.js","statementMap":{"0":{"start":{"line":1,"column":17},"end":{"line":1,"column":49}},"1":{"start":{"line":2,"column":29},"end":{"line":2,"column":63}},"2":{"start":{"line":3,"column":34},"end":{"line":3,"column":72}},"3":{"start":{"line":6,"column":2},"end":{"line":20,"column":3}},"4":{"start":{"line":7,"column":4},"end":{"line":7,"column":80}},"5":{"start":{"line":9,"column":19},"end":{"line":9,"column":101}},"6":{"start":{"line":11,"column":4},"end":{"line":13,"column":5}},"7":{"start":{"line":12,"column":6},"end":{"line":12,"column":77}},"8":{"start":{"line":15,"column":4},"end":{"line":15,"column":51}},"9":{"start":{"line":16,"column":4},"end":{"line":16,"column":23}},"10":{"start":{"line":18,"column":4},"end":{"line":18,"column":80}},"11":{"start":{"line":19,"column":4},"end":{"line":19,"column":74}},"12":{"start":{"line":24,"column":2},"end":{"line":40,"column":3}},"13":{"start":{"line":25,"column":4},"end":{"line":27,"column":5}},"14":{"start":{"line":26,"column":6},"end":{"line":26,"column":49}},"15":{"start":{"line":29,"column":19},"end":{"line":29,"column":106}},"16":{"start":{"line":31,"column":4},"end":{"line":33,"column":5}},"17":{"start":{"line":32,"column":6},"end":{"line":32,"column":69}},"18":{"start":{"line":35,"column":4},"end":{"line":35,"column":54}},"19":{"start":{"line":36,"column":4},"end":{"line":36,"column":23}},"20":{"start":{"line":38,"column":4},"end":{"line":38,"column":68}},"21":{"start":{"line":39,"column":4},"end":{"line":39,"column":62}},"22":{"start":{"line":43,"column":0},"end":{"line":43,"column":62}}},"fnMap":{"0":{"name":"getChildrenByParent","decl":{"start":{"line":5,"column":15},"end":{"line":5,"column":34}},"loc":{"start":{"line":5,"column":45},"end":{"line":21,"column":1}},"line":5},"1":{"name":"getMessagesByParent","decl":{"start":{"line":23,"column":15},"end":{"line":23,"column":34}},"loc":{"start":{"line":23,"column":45},"end":{"line":41,"column":1}},"line":23}},"branchMap":{"0":{"loc":{"start":{"line":11,"column":4},"end":{"line":13,"column":5}},"type":"if","locations":[{"start":{"line":11,"column":4},"end":{"line":13,"column":5}},{"start":{},"end":{}}],"line":11},"1":{"loc":{"start":{"line":25,"column":4},"end":{"line":27,"column":5}},"type":"if","locations":[{"start":{"line":25,"column":4},"end":{"line":27,"column":5}},{"start":{},"end":{}}],"line":25},"2":{"loc":{"start":{"line":31,"column":4},"end":{"line":33,"column":5}},"type":"if","locations":[{"start":{"line":31,"column":4},"end":{"line":33,"column":5}},{"start":{},"end":{}}],"line":31}},"s":{"0":3,"1":3,"2":3,"3":1,"4":1,"5":1,"6":1,"7":0,"8":1,"9":1,"10":0,"11":0,"12":1,"13":1,"14":0,"15":1,"16":1,"17":0,"18":1,"19":1,"20":0,"21":0,"22":3},"f":{"0":1,"1":1},"b":{"0":[0,1],"1":[0,1],"2":[0,1]},"_coverageSchema":"1a1c01bbd47fc00a2c39e90264f33305004495a9","hash":"748c9c100784de9d77279e892dc71ac518afb2fd"}
,"D:\\phonemix-app\\phoneme\\backend\\modules\\control_parental\\MensajesEspecialistaModel.js": {"path":"D:\\phonemix-app\\phoneme\\backend\\modules\\control_parental\\MensajesEspecialistaModel.js","statementMap":{"0":{"start":{"line":1,"column":17},"end":{"line":1,"column":30}},"1":{"start":{"line":2,"column":0},"end":{"line":2,"column":27}},"2":{"start":{"line":4,"column":18},"end":{"line":4,"column":49}},"3":{"start":{"line":6,"column":13},"end":{"line":12,"column":2}},"4":{"start":{"line":14,"column":0},"end":{"line":16,"column":73}},"5":{"start":{"line":15,"column":14},"end":{"line":15,"column":60}},"6":{"start":{"line":16,"column":16},"end":{"line":16,"column":71}},"7":{"start":{"line":20,"column":4},"end":{"line":33,"column":5}},"8":{"start":{"line":21,"column":6},"end":{"line":21,"column":81}},"9":{"start":{"line":23,"column":21},"end":{"line":26,"column":7}},"10":{"start":{"line":28,"column":6},"end":{"line":28,"column":54}},"11":{"start":{"line":29,"column":6},"end":{"line":29,"column":25}},"12":{"start":{"line":31,"column":6},"end":{"line":31,"column":66}},"13":{"start":{"line":32,"column":6},"end":{"line":32,"column":62}},"14":{"start":{"line":37,"column":0},"end":{"line":37,"column":43}}},"fnMap":{"0":{"name":"(anonymous_0)","decl":{"start":{"line":15,"column":8},"end":{"line":15,"column":9}},"loc":{"start":{"line":15,"column":14},"end":{"line":15,"column":60}},"line":15},"1":{"name":"(anonymous_1)","decl":{"start":{"line":16,"column":9},"end":{"line":16,"column":10}},"loc":{"start":{"line":16,"column":16},"end":{"line":16,"column":71}},"line":16},"2":{"name":"(anonymous_2)","decl":{"start":{"line":19,"column":2},"end":{"line":19,"column":3}},"loc":{"start":{"line":19,"column":49},"end":{"line":34,"column":3}},"line":19}},"branchMap":{"0":{"loc":{"start":{"line":9,"column":12},"end":{"line":9,"column":70}},"type":"cond-expr","locations":[{"start":{"line":9,"column":24},"end":{"line":9,"column":48}},{"start":{"line":9,"column":51},"end":{"line":9,"column":70}}],"line":9},"1":{"loc":{"start":{"line":11,"column":8},"end":{"line":11,"column":35}},"type":"binary-expr","locations":[{"start":{"line":11,"column":8},"end":{"line":11,"column":27}},{"start":{"line":11,"column":31},"end":{"line":11,"column":35}}],"line":11}},"s":{"0":3,"1":3,"2":3,"3":3,"4":3,"5":3,"6":0,"7":0,"8":0,"9":0,"10":0,"11":0,"12":0,"13":0,"14":3},"f":{"0":3,"1":0,"2":0},"b":{"0":[3,0],"1":[3,0]},"_coverageSchema":"1a1c01bbd47fc00a2c39e90264f33305004495a9","hash":"d726501d607f44eea761b53ce688c1a4ffdfabf1"}
,"D:\\phonemix-app\\phoneme\\backend\\modules\\control_parental\\reporte.js": {"path":"D:\\phonemix-app\\phoneme\\backend\\modules\\control_parental\\reporte.js","statementMap":{},"fnMap":{},"branchMap":{},"s":{},"f":{},"b":{}}
,"D:\\phonemix-app\\phoneme\\backend\\modules\\control_parental\\usuario.js": {"path":"D:\\phonemix-app\\phoneme\\backend\\modules\\control_parental\\usuario.js","statementMap":{},"fnMap":{},"branchMap":{},"s":{},"f":{},"b":{}}
,"D:\\phonemix-app\\phoneme\\backend\\modules\\specialist\\SpecialistController.js": {"path":"D:\\phonemix-app\\phoneme\\backend\\modules\\specialist\\SpecialistController.js","statementMap":{"0":{"start":{"line":1,"column":26},"end":{"line":1,"column":56}},"1":{"start":{"line":4,"column":2},"end":{"line":17,"column":3}},"2":{"start":{"line":5,"column":30},"end":{"line":5,"column":39}},"3":{"start":{"line":6,"column":4},"end":{"line":6,"column":72}},"4":{"start":{"line":8,"column":4},"end":{"line":10,"column":5}},"5":{"start":{"line":9,"column":6},"end":{"line":9,"column":86}},"6":{"start":{"line":12,"column":21},"end":{"line":12,"column":83}},"7":{"start":{"line":13,"column":4},"end":{"line":13,"column":23}},"8":{"start":{"line":15,"column":4},"end":{"line":15,"column":60}},"9":{"start":{"line":16,"column":4},"end":{"line":16,"column":71}},"10":{"start":{"line":21,"column":2},"end":{"line":33,"column":3}},"11":{"start":{"line":22,"column":30},"end":{"line":22,"column":39}},"12":{"start":{"line":24,"column":4},"end":{"line":26,"column":5}},"13":{"start":{"line":25,"column":6},"end":{"line":25,"column":86}},"14":{"start":{"line":28,"column":18},"end":{"line":28,"column":75}},"15":{"start":{"line":29,"column":4},"end":{"line":29,"column":20}},"16":{"start":{"line":31,"column":4},"end":{"line":31,"column":59}},"17":{"start":{"line":32,"column":4},"end":{"line":32,"column":71}},"18":{"start":{"line":37,"column":2},"end":{"line":49,"column":3}},"19":{"start":{"line":38,"column":49},"end":{"line":38,"column":57}},"20":{"start":{"line":40,"column":4},"end":{"line":42,"column":5}},"21":{"start":{"line":41,"column":6},"end":{"line":41,"column":88}},"22":{"start":{"line":44,"column":4},"end":{"line":44,"column":77}},"23":{"start":{"line":45,"column":4},"end":{"line":45,"column":65}},"24":{"start":{"line":47,"column":4},"end":{"line":47,"column":55}},"25":{"start":{"line":48,"column":4},"end":{"line":48,"column":71}},"26":{"start":{"line":52,"column":23},"end":{"line":52,"column":32}},"27":{"start":{"line":54,"column":2},"end":{"line":68,"column":3}},"28":{"start":{"line":55,"column":4},"end":{"line":57,"column":5}},"29":{"start":{"line":56,"column":6},"end":{"line":56,"column":78}},"30":{"start":{"line":59,"column":19},"end":{"line":62,"column":18}},"31":{"start":{"line":64,"column":4},"end":{"line":64,"column":29}},"32":{"start":{"line":66,"column":4},"end":{"line":66,"column":55}},"33":{"start":{"line":67,"column":4},"end":{"line":67,"column":71}},"34":{"start":{"line":72,"column":22},"end":{"line":72,"column":31}},"35":{"start":{"line":74,"column":2},"end":{"line":88,"column":3}},"36":{"start":{"line":75,"column":4},"end":{"line":77,"column":5}},"37":{"start":{"line":76,"column":6},"end":{"line":76,"column":78}},"38":{"start":{"line":79,"column":19},"end":{"line":82,"column":17}},"39":{"start":{"line":84,"column":4},"end":{"line":84,"column":29}},"40":{"start":{"line":86,"column":4},"end":{"line":86,"column":61}},"41":{"start":{"line":87,"column":4},"end":{"line":87,"column":71}},"42":{"start":{"line":92,"column":28},"end":{"line":92,"column":37}},"43":{"start":{"line":94,"column":2},"end":{"line":112,"column":3}},"44":{"start":{"line":95,"column":4},"end":{"line":97,"column":5}},"45":{"start":{"line":96,"column":6},"end":{"line":96,"column":86}},"46":{"start":{"line":99,"column":20},"end":{"line":106,"column":10}},"47":{"start":{"line":108,"column":4},"end":{"line":108,"column":27}},"48":{"start":{"line":110,"column":4},"end":{"line":110,"column":63}},"49":{"start":{"line":111,"column":4},"end":{"line":111,"column":71}},"50":{"start":{"line":116,"column":0},"end":{"line":121,"column":2}}},"fnMap":{"0":{"name":"getAssignedChildren","decl":{"start":{"line":3,"column":15},"end":{"line":3,"column":34}},"loc":{"start":{"line":3,"column":45},"end":{"line":18,"column":1}},"line":3},"1":{"name":"getSpecialistStats","decl":{"start":{"line":20,"column":15},"end":{"line":20,"column":33}},"loc":{"start":{"line":20,"column":44},"end":{"line":34,"column":1}},"line":20},"2":{"name":"sendEvaluation","decl":{"start":{"line":36,"column":15},"end":{"line":36,"column":29}},"loc":{"start":{"line":36,"column":40},"end":{"line":50,"column":1}},"line":36},"3":{"name":"getChildReport","decl":{"start":{"line":51,"column":15},"end":{"line":51,"column":29}},"loc":{"start":{"line":51,"column":40},"end":{"line":69,"column":1}},"line":51},"4":{"name":"getChildReportFromDB","decl":{"start":{"line":71,"column":15},"end":{"line":71,"column":35}},"loc":{"start":{"line":71,"column":46},"end":{"line":89,"column":1}},"line":71},"5":{"name":"getParentsBySpecialist","decl":{"start":{"line":91,"column":15},"end":{"line":91,"column":37}},"loc":{"start":{"line":91,"column":48},"end":{"line":113,"column":1}},"line":91}},"branchMap":{"0":{"loc":{"start":{"line":8,"column":4},"end":{"line":10,"column":5}},"type":"if","locations":[{"start":{"line":8,"column":4},"end":{"line":10,"column":5}},{"start":{},"end":{}}],"line":8},"1":{"loc":{"start":{"line":24,"column":4},"end":{"line":26,"column":5}},"type":"if","locations":[{"start":{"line":24,"column":4},"end":{"line":26,"column":5}},{"start":{},"end":{}}],"line":24},"2":{"loc":{"start":{"line":40,"column":4},"end":{"line":42,"column":5}},"type":"if","locations":[{"start":{"line":40,"column":4},"end":{"line":42,"column":5}},{"start":{},"end":{}}],"line":40},"3":{"loc":{"start":{"line":40,"column":8},"end":{"line":40,"column":47}},"type":"binary-expr","locations":[{"start":{"line":40,"column":8},"end":{"line":40,"column":22}},{"start":{"line":40,"column":26},"end":{"line":40,"column":35}},{"start":{"line":40,"column":39},"end":{"line":40,"column":47}}],"line":40},"4":{"loc":{"start":{"line":55,"column":4},"end":{"line":57,"column":5}},"type":"if","locations":[{"start":{"line":55,"column":4},"end":{"line":57,"column":5}},{"start":{},"end":{}}],"line":55},"5":{"loc":{"start":{"line":75,"column":4},"end":{"line":77,"column":5}},"type":"if","locations":[{"start":{"line":75,"column":4},"end":{"line":77,"column":5}},{"start":{},"end":{}}],"line":75},"6":{"loc":{"start":{"line":95,"column":4},"end":{"line":97,"column":5}},"type":"if","locations":[{"start":{"line":95,"column":4},"end":{"line":97,"column":5}},{"start":{},"end":{}}],"line":95}},"s":{"0":3,"1":0,"2":0,"3":0,"4":0,"5":0,"6":0,"7":0,"8":0,"9":0,"10":0,"11":0,"12":0,"13":0,"14":0,"15":0,"16":0,"17":0,"18":1,"19":1,"20":1,"21":0,"22":1,"23":1,"24":0,"25":0,"26":0,"27":0,"28":0,"29":0,"30":0,"31":0,"32":0,"33":0,"34":0,"35":0,"36":0,"37":0,"38":0,"39":0,"40":0,"41":0,"42":0,"43":0,"44":0,"45":0,"46":0,"47":0,"48":0,"49":0,"50":3},"f":{"0":0,"1":0,"2":1,"3":0,"4":0,"5":0},"b":{"0":[0,0],"1":[0,0],"2":[0,1],"3":[1,1,1],"4":[0,0],"5":[0,0],"6":[0,0]},"_coverageSchema":"1a1c01bbd47fc00a2c39e90264f33305004495a9","hash":"662fac52ccfc7fd4f27169e1fe6661e80288e806"}
,"D:\\phonemix-app\\phoneme\\backend\\modules\\specialist\\SpecialistModel.js": {"path":"D:\\phonemix-app\\phoneme\\backend\\modules\\specialist\\SpecialistModel.js","statementMap":{"0":{"start":{"line":1,"column":13},"end":{"line":1,"column":45}},"1":{"start":{"line":3,"column":24},"end":{"line":8,"column":1}},"2":{"start":{"line":5,"column":19},"end":{"line":5,"column":92}},"3":{"start":{"line":6,"column":4},"end":{"line":6,"column":26}},"4":{"start":{"line":10,"column":0},"end":{"line":10,"column":33}}},"fnMap":{"0":{"name":"(anonymous_0)","decl":{"start":{"line":4,"column":2},"end":{"line":4,"column":3}},"loc":{"start":{"line":4,"column":27},"end":{"line":7,"column":3}},"line":4}},"branchMap":{},"s":{"0":0,"1":0,"2":0,"3":0,"4":0},"f":{"0":0},"b":{}}
,"D:\\phonemix-app\\phoneme\\backend\\modules\\specialist\\SpecialistRoutes.js": {"path":"D:\\phonemix-app\\phoneme\\backend\\modules\\specialist\\SpecialistRoutes.js","statementMap":{"0":{"start":{"line":1,"column":16},"end":{"line":1,"column":34}},"1":{"start":{"line":2,"column":15},"end":{"line":2,"column":31}},"2":{"start":{"line":3,"column":29},"end":{"line":3,"column":62}},"3":{"start":{"line":5,"column":0},"end":{"line":5,"column":66}},"4":{"start":{"line":6,"column":0},"end":{"line":6,"column":62}},"5":{"start":{"line":7,"column":0},"end":{"line":7,"column":71}},"6":{"start":{"line":8,"column":0},"end":{"line":8,"column":64}},"7":{"start":{"line":10,"column":0},"end":{"line":10,"column":24}}},"fnMap":{},"branchMap":{},"s":{"0":3,"1":3,"2":3,"3":3,"4":3,"5":3,"6":3,"7":3},"f":{},"b":{},"_coverageSchema":"1a1c01bbd47fc00a2c39e90264f33305004495a9","hash":"059de34fcc22bd02aaf83de242658090bcd2029e"}
,"D:\\phonemix-app\\phoneme\\backend\\modules\\specialist\\SpecialistService.js": {"path":"D:\\phonemix-app\\phoneme\\backend\\modules\\specialist\\SpecialistService.js","statementMap":{"0":{"start":{"line":1,"column":17},"end":{"line":1,"column":30}},"1":{"start":{"line":2,"column":0},"end":{"line":2,"column":27}},"2":{"start":{"line":4,"column":18},"end":{"line":4,"column":49}},"3":{"start":{"line":6,"column":13},"end":{"line":12,"column":2}},"4":{"start":{"line":13,"column":0},"end":{"line":13,"column":22}},"5":{"start":{"line":16,"column":0},"end":{"line":18,"column":3}},"6":{"start":{"line":17,"column":2},"end":{"line":17,"column":65}},"7":{"start":{"line":17,"column":18},"end":{"line":17,"column":65}},"8":{"start":{"line":19,"column":0},"end":{"line":19,"column":91}},"9":{"start":{"line":19,"column":26},"end":{"line":19,"column":89}},"10":{"start":{"line":22,"column":2},"end":{"line":29,"column":3}},"11":{"start":{"line":23,"column":19},"end":{"line":23,"column":102}},"12":{"start":{"line":24,"column":4},"end":{"line":24,"column":67}},"13":{"start":{"line":24,"column":20},"end":{"line":24,"column":67}},"14":{"start":{"line":25,"column":4},"end":{"line":25,"column":23}},"15":{"start":{"line":27,"column":4},"end":{"line":27,"column":72}},"16":{"start":{"line":28,"column":4},"end":{"line":28,"column":57}},"17":{"start":{"line":33,"column":2},"end":{"line":46,"column":3}},"18":{"start":{"line":34,"column":19},"end":{"line":39,"column":23}},"19":{"start":{"line":41,"column":4},"end":{"line":41,"column":74}},"20":{"start":{"line":41,"column":20},"end":{"line":41,"column":74}},"21":{"start":{"line":42,"column":4},"end":{"line":42,"column":26}},"22":{"start":{"line":44,"column":4},"end":{"line":44,"column":67}},"23":{"start":{"line":45,"column":4},"end":{"line":45,"column":64}},"24":{"start":{"line":50,"column":2},"end":{"line":59,"column":3}},"25":{"start":{"line":51,"column":4},"end":{"line":54,"column":6}},"26":{"start":{"line":55,"column":4},"end":{"line":55,"column":71}},"27":{"start":{"line":55,"column":20},"end":{"line":55,"column":71}},"28":{"start":{"line":57,"column":4},"end":{"line":57,"column":63}},"29":{"start":{"line":58,"column":4},"end":{"line":58,"column":56}},"30":{"start":{"line":63,"column":2},"end":{"line":73,"column":3}},"31":{"start":{"line":64,"column":19},"end":{"line":67,"column":5}},"32":{"start":{"line":68,"column":4},"end":{"line":68,"column":72}},"33":{"start":{"line":68,"column":20},"end":{"line":68,"column":72}},"34":{"start":{"line":69,"column":4},"end":{"line":69,"column":23}},"35":{"start":{"line":71,"column":4},"end":{"line":71,"column":72}},"36":{"start":{"line":72,"column":4},"end":{"line":72,"column":60}},"37":{"start":{"line":77,"column":18},"end":{"line":80,"column":1}},"38":{"start":{"line":78,"column":2},"end":{"line":78,"column":19}},"39":{"start":{"line":79,"column":2},"end":{"line":79,"column":56}},"40":{"start":{"line":82,"column":0},"end":{"line":82,"column":117}}},"fnMap":{"0":{"name":"(anonymous_0)","decl":{"start":{"line":16,"column":19},"end":{"line":16,"column":20}},"loc":{"start":{"line":16,"column":25},"end":{"line":18,"column":1}},"line":16},"1":{"name":"(anonymous_1)","decl":{"start":{"line":19,"column":17},"end":{"line":19,"column":18}},"loc":{"start":{"line":19,"column":26},"end":{"line":19,"column":89}},"line":19},"2":{"name":"getChildrenBySpecialist","decl":{"start":{"line":21,"column":15},"end":{"line":21,"column":38}},"loc":{"start":{"line":21,"column":54},"end":{"line":30,"column":1}},"line":21},"3":{"name":"getSpecialistStats","decl":{"start":{"line":32,"column":15},"end":{"line":32,"column":33}},"loc":{"start":{"line":32,"column":49},"end":{"line":47,"column":1}},"line":32},"4":{"name":"sendEvaluation","decl":{"start":{"line":49,"column":15},"end":{"line":49,"column":29}},"loc":{"start":{"line":49,"column":64},"end":{"line":60,"column":1}},"line":49},"5":{"name":"getMessagesBySpecialist","decl":{"start":{"line":62,"column":15},"end":{"line":62,"column":38}},"loc":{"start":{"line":62,"column":54},"end":{"line":74,"column":1}},"line":62},"6":{"name":"(anonymous_6)","decl":{"start":{"line":77,"column":18},"end":{"line":77,"column":19}},"loc":{"start":{"line":77,"column":30},"end":{"line":80,"column":1}},"line":77}},"branchMap":{"0":{"loc":{"start":{"line":9,"column":12},"end":{"line":9,"column":70}},"type":"cond-expr","locations":[{"start":{"line":9,"column":24},"end":{"line":9,"column":48}},{"start":{"line":9,"column":51},"end":{"line":9,"column":70}}],"line":9},"1":{"loc":{"start":{"line":11,"column":8},"end":{"line":11,"column":35}},"type":"binary-expr","locations":[{"start":{"line":11,"column":8},"end":{"line":11,"column":27}},{"start":{"line":11,"column":31},"end":{"line":11,"column":35}}],"line":11},"2":{"loc":{"start":{"line":17,"column":2},"end":{"line":17,"column":65}},"type":"if","locations":[{"start":{"line":17,"column":2},"end":{"line":17,"column":65}},{"start":{},"end":{}}],"line":17},"3":{"loc":{"start":{"line":24,"column":4},"end":{"line":24,"column":67}},"type":"if","locations":[{"start":{"line":24,"column":4},"end":{"line":24,"column":67}},{"start":{},"end":{}}],"line":24},"4":{"loc":{"start":{"line":41,"column":4},"end":{"line":41,"column":74}},"type":"if","locations":[{"start":{"line":41,"column":4},"end":{"line":41,"column":74}},{"start":{},"end":{}}],"line":41},"5":{"loc":{"start":{"line":55,"column":4},"end":{"line":55,"column":71}},"type":"if","locations":[{"start":{"line":55,"column":4},"end":{"line":55,"column":71}},{"start":{},"end":{}}],"line":55},"6":{"loc":{"start":{"line":68,"column":4},"end":{"line":68,"column":72}},"type":"if","locations":[{"start":{"line":68,"column":4},"end":{"line":68,"column":72}},{"start":{},"end":{}}],"line":68}},"s":{"0":3,"1":3,"2":3,"3":3,"4":3,"5":3,"6":1,"7":0,"8":3,"9":0,"10":0,"11":0,"12":0,"13":0,"14":0,"15":0,"16":0,"17":0,"18":0,"19":0,"20":0,"21":0,"22":0,"23":0,"24":1,"25":1,"26":1,"27":0,"28":0,"29":0,"30":0,"31":0,"32":0,"33":0,"34":0,"35":0,"36":0,"37":3,"38":0,"39":0,"40":3},"f":{"0":1,"1":0,"2":0,"3":0,"4":1,"5":0,"6":0},"b":{"0":[3,0],"1":[3,0],"2":[0,1],"3":[0,0],"4":[0,0],"5":[0,1],"6":[0,0]},"_coverageSchema":"1a1c01bbd47fc00a2c39e90264f33305004495a9","hash":"c84aee730734b91faa82e9c9f9cd142d8adee8a2"}
,"D:\\phonemix-app\\phoneme\\backend\\modules\\user\\userController.js": {"path":"D:\\phonemix-app\\phoneme\\backend\\modules\\user\\userController.js","statementMap":{"0":{"start":{"line":1,"column":20},"end":{"line":1,"column":44}},"1":{"start":{"line":3,"column":23},"end":{"line":21,"column":1}},"2":{"start":{"line":5,"column":8},"end":{"line":10,"column":9}},"3":{"start":{"line":6,"column":25},"end":{"line":6,"column":61}},"4":{"start":{"line":7,"column":12},"end":{"line":7,"column":39}},"5":{"start":{"line":9,"column":12},"end":{"line":9,"column":59}},"6":{"start":{"line":14,"column":8},"end":{"line":19,"column":9}},"7":{"start":{"line":15,"column":26},"end":{"line":15,"column":59}},"8":{"start":{"line":16,"column":12},"end":{"line":16,"column":44}},"9":{"start":{"line":18,"column":12},"end":{"line":18,"column":59}},"10":{"start":{"line":23,"column":0},"end":{"line":23,"column":32}}},"fnMap":{"0":{"name":"(anonymous_0)","decl":{"start":{"line":4,"column":4},"end":{"line":4,"column":5}},"loc":{"start":{"line":4,"column":29},"end":{"line":11,"column":5}},"line":4},"1":{"name":"(anonymous_1)","decl":{"start":{"line":13,"column":4},"end":{"line":13,"column":5}},"loc":{"start":{"line":13,"column":26},"end":{"line":20,"column":5}},"line":13}},"branchMap":{},"s":{"0":0,"1":0,"2":0,"3":0,"4":0,"5":0,"6":0,"7":0,"8":0,"9":0,"10":0},"f":{"0":0,"1":0},"b":{}}
,"D:\\phonemix-app\\phoneme\\backend\\modules\\user\\userModel.js": {"path":"D:\\phonemix-app\\phoneme\\backend\\modules\\user\\userModel.js","statementMap":{"0":{"start":{"line":1,"column":13},"end":{"line":1,"column":45}},"1":{"start":{"line":3,"column":18},"end":{"line":18,"column":1}},"2":{"start":{"line":5,"column":62},"end":{"line":5,"column":66}},"3":{"start":{"line":6,"column":23},"end":{"line":10,"column":9}},"4":{"start":{"line":11,"column":8},"end":{"line":11,"column":30}},"5":{"start":{"line":15,"column":23},"end":{"line":15,"column":91}},"6":{"start":{"line":16,"column":8},"end":{"line":16,"column":30}},"7":{"start":{"line":20,"column":0},"end":{"line":20,"column":27}}},"fnMap":{"0":{"name":"(anonymous_0)","decl":{"start":{"line":4,"column":4},"end":{"line":4,"column":5}},"loc":{"start":{"line":4,"column":23},"end":{"line":12,"column":5}},"line":4},"1":{"name":"(anonymous_1)","decl":{"start":{"line":14,"column":4},"end":{"line":14,"column":5}},"loc":{"start":{"line":14,"column":29},"end":{"line":17,"column":5}},"line":14}},"branchMap":{},"s":{"0":0,"1":0,"2":0,"3":0,"4":0,"5":0,"6":0,"7":0},"f":{"0":0,"1":0},"b":{}}
,"D:\\phonemix-app\\phoneme\\backend\\modules\\user\\userRoutes.js": {"path":"D:\\phonemix-app\\phoneme\\backend\\modules\\user\\userRoutes.js","statementMap":{"0":{"start":{"line":1,"column":16},"end":{"line":1,"column":34}},"1":{"start":{"line":2,"column":23},"end":{"line":2,"column":50}},"2":{"start":{"line":4,"column":15},"end":{"line":4,"column":31}},"3":{"start":{"line":6,"column":0},"end":{"line":6,"column":50}},"4":{"start":{"line":7,"column":0},"end":{"line":7,"column":44}},"5":{"start":{"line":9,"column":0},"end":{"line":9,"column":24}}},"fnMap":{},"branchMap":{},"s":{"0":0,"1":0,"2":0,"3":0,"4":0,"5":0},"f":{},"b":{}}
,"D:\\phonemix-app\\phoneme\\backend\\modules\\user\\userService.js": {"path":"D:\\phonemix-app\\phoneme\\backend\\modules\\user\\userService.js","statementMap":{"0":{"start":{"line":1,"column":15},"end":{"line":1,"column":32}},"1":{"start":{"line":2,"column":12},"end":{"line":2,"column":46}},"2":{"start":{"line":3,"column":18},"end":{"line":3,"column":40}},"3":{"start":{"line":5,"column":20},"end":{"line":20,"column":1}},"4":{"start":{"line":7,"column":31},"end":{"line":7,"column":67}},"5":{"start":{"line":8,"column":8},"end":{"line":8,"column":71}},"6":{"start":{"line":12,"column":21},"end":{"line":12,"column":60}},"7":{"start":{"line":13,"column":8},"end":{"line":13,"column":60}},"8":{"start":{"line":13,"column":19},"end":{"line":13,"column":60}},"9":{"start":{"line":15,"column":32},"end":{"line":15,"column":82}},"10":{"start":{"line":16,"column":8},"end":{"line":16,"column":71}},"11":{"start":{"line":16,"column":30},"end":{"line":16,"column":71}},"12":{"start":{"line":18,"column":8},"end":{"line":18,"column":64}},"13":{"start":{"line":22,"column":0},"end":{"line":22,"column":29}}},"fnMap":{"0":{"name":"(anonymous_0)","decl":{"start":{"line":6,"column":4},"end":{"line":6,"column":5}},"loc":{"start":{"line":6,"column":25},"end":{"line":9,"column":5}},"line":6},"1":{"name":"(anonymous_1)","decl":{"start":{"line":11,"column":4},"end":{"line":11,"column":5}},"loc":{"start":{"line":11,"column":22},"end":{"line":19,"column":5}},"line":11}},"branchMap":{"0":{"loc":{"start":{"line":13,"column":8},"end":{"line":13,"column":60}},"type":"if","locations":[{"start":{"line":13,"column":8},"end":{"line":13,"column":60}},{"start":{},"end":{}}],"line":13},"1":{"loc":{"start":{"line":16,"column":8},"end":{"line":16,"column":71}},"type":"if","locations":[{"start":{"line":16,"column":8},"end":{"line":16,"column":71}},{"start":{},"end":{}}],"line":16}},"s":{"0":0,"1":0,"2":0,"3":0,"4":0,"5":0,"6":0,"7":0,"8":0,"9":0,"10":0,"11":0,"12":0,"13":0},"f":{"0":0,"1":0},"b":{"0":[0,0],"1":[0,0]}}
}
