TN:
SF:modules\auth\authController.js
FN:8,(anonymous_0)
FN:66,(anonymous_1)
FNF:2
FNH:2
FNDA:1,(anonymous_0)
FNDA:1,(anonymous_1)
DA:1,4
DA:2,4
DA:3,4
DA:4,4
DA:5,4
DA:7,4
DA:9,1
DA:11,1
DA:12,1
DA:13,0
DA:17,1
DA:19,1
DA:20,1
DA:21,1
DA:23,1
DA:24,1
DA:26,1
DA:33,0
DA:38,0
DA:40,0
DA:41,0
DA:42,0
DA:44,0
DA:45,0
DA:47,0
DA:54,0
DA:58,0
DA:61,0
DA:62,0
DA:67,1
DA:69,1
DA:70,1
DA:71,0
DA:74,1
DA:75,1
DA:76,1
DA:78,1
DA:79,1
DA:80,1
DA:81,1
DA:84,0
DA:86,0
DA:87,0
DA:92,4
LF:44
LH:27
BRDA:12,0,0,0
BRDA:12,0,1,1
BRDA:12,1,0,1
BRDA:12,1,1,1
BRDA:19,2,0,1
BRDA:19,2,1,0
BRDA:23,3,0,1
BRDA:23,3,1,0
BRDA:40,4,0,0
BRDA:40,4,1,0
BRDA:44,5,0,0
BRDA:44,5,1,0
BRDA:70,6,0,0
BRDA:70,6,1,1
BRDA:78,7,0,1
BRDA:78,7,1,0
BRF:16
BRH:7
end_of_record
TN:
SF:modules\auth\authRoutes.js
FNF:0
FNH:0
DA:1,4
DA:2,4
DA:3,4
DA:5,4
DA:7,4
DA:9,4
LF:6
LH:6
BRF:0
BRH:0
end_of_record
TN:
SF:modules\control_parental\ControlParentalController.js
FN:3,getChildren
FN:20,getRecentMessages
FNF:2
FNH:2
FNDA:1,getChildren
FNDA:1,getRecentMessages
DA:1,4
DA:4,1
DA:5,1
DA:6,1
DA:8,1
DA:9,0
DA:12,1
DA:13,1
DA:15,0
DA:16,0
DA:21,1
DA:22,1
DA:23,1
DA:25,1
DA:26,0
DA:29,1
DA:30,1
DA:32,0
DA:33,0
DA:37,4
LF:20
LH:14
BRDA:8,0,0,0
BRDA:8,0,1,1
BRDA:25,1,0,0
BRDA:25,1,1,1
BRF:4
BRH:2
end_of_record
TN:
SF:modules\control_parental\ControlParentalModelo.js
FN:2,(anonymous_0)
FN:14,(anonymous_1)
FNF:2
FNH:0
FNDA:0,(anonymous_0)
FNDA:0,(anonymous_1)
DA:3,0
DA:4,0
DA:5,0
DA:6,0
DA:7,0
DA:8,0
DA:9,0
DA:10,0
DA:11,0
DA:15,0
DA:29,4
LF:11
LH:1
BRF:0
BRH:0
end_of_record
TN:
SF:modules\control_parental\ControlParentalRoutes.js
FNF:0
FNH:0
DA:1,4
DA:2,4
DA:3,4
DA:5,4
DA:6,4
DA:8,4
LF:6
LH:6
BRF:0
BRH:0
end_of_record
TN:
SF:modules\control_parental\ControlParentalService.js
FN:5,getChildrenByParent
FN:23,getMessagesByParent
FNF:2
FNH:2
FNDA:1,getChildrenByParent
FNDA:1,getMessagesByParent
DA:1,4
DA:2,4
DA:3,4
DA:6,1
DA:7,1
DA:9,1
DA:11,1
DA:12,0
DA:15,1
DA:16,1
DA:18,0
DA:19,0
DA:24,1
DA:25,1
DA:26,0
DA:29,1
DA:31,1
DA:32,0
DA:35,1
DA:36,1
DA:38,0
DA:39,0
DA:43,4
LF:23
LH:16
BRDA:11,0,0,0
BRDA:11,0,1,1
BRDA:25,1,0,0
BRDA:25,1,1,1
BRDA:31,2,0,0
BRDA:31,2,1,1
BRF:6
BRH:3
end_of_record
TN:
SF:modules\control_parental\MensajesEspecialistaModel.js
FN:15,(anonymous_0)
FN:16,(anonymous_1)
FN:19,(anonymous_2)
FNF:3
FNH:1
FNDA:4,(anonymous_0)
FNDA:0,(anonymous_1)
FNDA:0,(anonymous_2)
DA:1,4
DA:2,4
DA:4,4
DA:6,4
DA:14,4
DA:15,4
DA:16,0
DA:20,0
DA:21,0
DA:23,0
DA:28,0
DA:29,0
DA:31,0
DA:32,0
DA:37,4
LF:15
LH:7
BRDA:9,0,0,4
BRDA:9,0,1,0
BRDA:11,1,0,4
BRDA:11,1,1,0
BRF:4
BRH:2
end_of_record
TN:
SF:modules\control_parental\reporte.js
FNF:0
FNH:0
LF:0
LH:0
BRF:0
BRH:0
end_of_record
TN:
SF:modules\control_parental\usuario.js
FNF:0
FNH:0
LF:0
LH:0
BRF:0
BRH:0
end_of_record
TN:
SF:modules\specialist\SpecialistController.js
FN:4,createReport
FN:14,getReportsBySpecialist
FN:24,getReportsByParent
FN:34,getReportsByChild
FN:45,getUsersWithChildren
FN:75,sendEvaluation
FNF:6
FNH:5
FNDA:1,createReport
FNDA:1,getReportsBySpecialist
FNDA:1,getReportsByParent
FNDA:1,getReportsByChild
FNDA:1,getUsersWithChildren
FNDA:0,sendEvaluation
DA:1,4
DA:2,4
DA:5,1
DA:6,1
DA:7,1
DA:8,1
DA:10,0
DA:15,1
DA:16,1
DA:17,1
DA:18,1
DA:20,0
DA:25,1
DA:26,1
DA:27,1
DA:28,1
DA:30,0
DA:35,1
DA:36,1
DA:37,1
DA:38,1
DA:40,0
DA:46,1
DA:47,1
DA:48,1
DA:50,1
DA:51,0
DA:54,1
DA:63,1
DA:65,1
DA:66,0
DA:69,1
DA:71,0
DA:72,0
DA:76,0
DA:77,0
DA:79,0
DA:80,0
DA:83,0
DA:84,0
DA:86,0
DA:87,0
DA:92,4
LF:43
LH:27
BRDA:50,0,0,0
BRDA:50,0,1,1
BRDA:65,1,0,0
BRDA:65,1,1,1
BRDA:79,2,0,0
BRDA:79,2,1,0
BRDA:79,3,0,0
BRDA:79,3,1,0
BRDA:79,3,2,0
BRF:9
BRH:2
end_of_record
TN:
SF:modules\specialist\SpecialistModel.js
FN:4,(anonymous_0)
FN:12,(anonymous_1)
FN:24,(anonymous_2)
FN:35,(anonymous_3)
FNF:4
FNH:4
FNDA:1,(anonymous_0)
FNDA:1,(anonymous_1)
FNDA:1,(anonymous_2)
FNDA:1,(anonymous_3)
DA:1,4
DA:3,4
DA:5,1
DA:9,1
DA:13,1
DA:21,1
DA:25,1
DA:32,1
DA:36,1
DA:44,1
DA:47,4
LF:11
LH:11
BRF:0
BRH:0
end_of_record
TN:
SF:modules\specialist\SpecialistRoutes.js
FNF:0
FNH:0
DA:1,4
DA:2,4
DA:4,4
DA:6,4
DA:7,4
DA:8,4
DA:9,4
DA:10,4
DA:13,4
DA:15,4
LF:10
LH:10
BRF:0
BRH:0
end_of_record
TN:
SF:modules\specialist\SpecialistService.js
FN:4,(anonymous_0)
FN:11,(anonymous_1)
FN:18,(anonymous_2)
FN:25,(anonymous_3)
FN:31,(anonymous_4)
FNF:5
FNH:4
FNDA:1,(anonymous_0)
FNDA:1,(anonymous_1)
FNDA:1,(anonymous_2)
FNDA:1,(anonymous_3)
FNDA:0,(anonymous_4)
DA:1,4
DA:3,4
DA:5,1
DA:6,0
DA:8,1
DA:12,1
DA:13,0
DA:15,1
DA:19,1
DA:20,0
DA:22,1
DA:26,1
DA:27,0
DA:29,1
DA:32,0
DA:33,0
DA:37,0
DA:39,0
DA:40,0
DA:45,4
LF:20
LH:11
BRDA:5,0,0,0
BRDA:5,0,1,1
BRDA:5,1,0,1
BRDA:5,1,1,1
BRDA:5,1,2,1
BRDA:5,1,3,1
BRDA:5,1,4,1
BRDA:12,2,0,0
BRDA:12,2,1,1
BRDA:19,3,0,0
BRDA:19,3,1,1
BRDA:26,4,0,0
BRDA:26,4,1,1
BRDA:37,5,0,0
BRDA:37,5,1,0
BRF:15
BRH:9
end_of_record
TN:
SF:modules\user\userController.js
FN:4,(anonymous_0)
FN:13,(anonymous_1)
FNF:2
FNH:0
FNDA:0,(anonymous_0)
FNDA:0,(anonymous_1)
DA:1,0
DA:3,0
DA:5,0
DA:6,0
DA:7,0
DA:9,0
DA:14,0
DA:15,0
DA:16,0
DA:18,0
DA:23,0
LF:11
LH:0
BRF:0
BRH:0
end_of_record
TN:
SF:modules\user\userModel.js
FN:4,(anonymous_0)
FN:14,(anonymous_1)
FNF:2
FNH:0
FNDA:0,(anonymous_0)
FNDA:0,(anonymous_1)
DA:1,0
DA:3,0
DA:5,0
DA:6,0
DA:11,0
DA:15,0
DA:16,0
DA:20,0
LF:8
LH:0
BRF:0
BRH:0
end_of_record
TN:
SF:modules\user\userRoutes.js
FNF:0
FNH:0
DA:1,0
DA:2,0
DA:4,0
DA:6,0
DA:7,0
DA:9,0
LF:6
LH:0
BRF:0
BRH:0
end_of_record
TN:
SF:modules\user\userService.js
FN:6,(anonymous_0)
FN:11,(anonymous_1)
FNF:2
FNH:0
FNDA:0,(anonymous_0)
FNDA:0,(anonymous_1)
DA:1,0
DA:2,0
DA:3,0
DA:5,0
DA:7,0
DA:8,0
DA:12,0
DA:13,0
DA:15,0
DA:16,0
DA:18,0
DA:22,0
LF:12
LH:0
BRDA:13,0,0,0
BRDA:13,0,1,0
BRDA:16,1,0,0
BRDA:16,1,1,0
BRF:4
BRH:0
end_of_record
